2024-12-04 22:44:55,635 [INFO] LogOutputStream:77 - [STDOUT_REDIRECT] StartTraceHandler.execute(), success : Collect=true
2024-12-04 22:45:11,048 [INFO] LogOutputStream:77 - [STDOUT_REDIRECT] StartTraceHandler.execute(), success : Collect=false
2024-12-04 22:45:12,936 [INFO] LogOutputStream:77 - [STDOUT_REDIRECT] StartTraceHandler.execute(), success : Collect=true
2024-12-04 22:45:13,516 [INFO] LogOutputStream:77 - [STDOUT_REDIRECT] StartTraceHandler.execute(), success : Collect=false
2024-12-04 22:45:17,904 [INFO] LogOutputStream:77 - [STDOUT_REDIRECT] StartTraceHandler.execute(), success : Collect=true
2024-12-04 22:45:19,066 [INFO] LogOutputStream:77 - [STDOUT_REDIRECT] StartTraceHandler.execute(), success : Collect=false
2024-12-04 22:45:20,022 [INFO] LogOutputStream:77 - [STDOUT_REDIRECT] StartTraceHandler.execute(), success : Collect=true
2024-12-04 22:46:14,825 [INFO] LogOutputStream:77 - [STDOUT_REDIRECT] StartTraceHandler.execute(), success : Collect=false
2024-12-04 22:46:19,008 [INFO] LogOutputStream:77 - [STDOUT_REDIRECT] StartTraceHandler.execute(), success : Collect=true
2024-12-04 22:59:57,202 [INFO] LogOutputStream:77 - [STDOUT_REDIRECT] StartTraceHandler.execute(), success : Collect=false
2024-12-04 23:00:03,209 [INFO] LogOutputStream:77 - [STDOUT_REDIRECT] StartTraceHandler.execute(), success : Collect=true
2024-12-04 23:19:40,555 [INFO] MainUpdater:2868 - connection check result : 10
2024-12-04 23:19:40,555 [INFO] MainUpdater:2868 - connection check result : 10
2024-12-04 23:19:40,616 [INFO] MicroXplorer:468 - Change Database Path : 
2024-12-04 23:19:40,616 [INFO] MicroXplorer:498 - Change Database Version : DB.6.0.91
2024-12-04 23:19:40,657 [WARN] ThirdParty:871 - waiting for thirdparty lock release [close project]
2024-12-04 23:19:40,657 [INFO] ThirdParty:873 - entering critical section [close project]
2024-12-04 23:19:40,657 [INFO] ThirdParty:883 - exiting critical section [close project]
2024-12-04 23:19:40,659 [INFO] PinOutPanel:1499 - setPackage(No Configuration,No Configuration)
2024-12-04 23:19:40,666 [WARN] IpParametersView:151 - Warning: This peripheral hasn't parameters
2024-12-04 23:19:40,672 [WARN] MainPanel:272 - <html><b><center>Warning: This peripheral has no parameters to be configured<br></b></html>
2024-12-04 23:19:40,676 [INFO] UtilMem:75 - Begin LoadConfig() Used Memory: 730960680 Bytes (1073741824)
2024-12-04 23:19:40,676 [INFO] MicroXplorer:468 - Change Database Path : 
2024-12-04 23:19:40,677 [INFO] MicroXplorer:498 - Change Database Version : DB.6.0.91
2024-12-04 23:19:40,677 [INFO] OpenFileManager:308 - Change cursor
2024-12-04 23:19:40,703 [INFO] Mcu:1946 - Initializing MCU STM32F407V(E-G)Tx STM32F407VGTx STM32F407VGT6
2024-12-04 23:19:42,459 [INFO] Context:659 - Trying to add GPIOservice into a context  which must be forbidden
2024-12-04 23:19:42,967 [INFO] RtosManager:555 - Registered RTOS mode: class=CMSIS, group=RTOS, mode=CMSIS_V1, owner=FREERTOS
2024-12-04 23:19:42,967 [INFO] RtosManager:555 - Registered RTOS mode: class=CMSIS, group=RTOS2, mode=CMSIS_V2, owner=FREERTOS
2024-12-04 23:19:42,967 [INFO] RtosManager:555 - Registered RTOS mode: class=RTOS, group=Core, mode=CMSIS_V1, owner=FREERTOS
2024-12-04 23:19:42,967 [INFO] RtosManager:555 - Registered RTOS mode: class=RTOS, group=Core, mode=CMSIS_V2, owner=FREERTOS
2024-12-04 23:19:42,967 [WARN] ModelIntegratedComponent:184 - Missing modes for component STMicroelectronics:FreeRTOS:0.0.1:STMicroelectronics:RTOS:FreeRTOS:Core:::10.2.0:
2024-12-04 23:19:42,975 [WARN] ModelIntegratedComponent:63 - No mode defined for component null
2024-12-04 23:19:42,976 [WARN] ModelIntegratedComponent:63 - No mode defined for component null
2024-12-04 23:19:42,976 [WARN] ModelIntegratedComponent:63 - No mode defined for component null
2024-12-04 23:19:42,976 [WARN] ModelIntegratedComponent:63 - No mode defined for component null
2024-12-04 23:19:42,976 [WARN] ModelIntegratedComponent:63 - No mode defined for component null
2024-12-04 23:19:42,976 [WARN] ModelIntegratedComponent:63 - No mode defined for component null
2024-12-04 23:19:42,976 [WARN] ModelIntegratedComponent:63 - No mode defined for component null
2024-12-04 23:19:42,976 [WARN] ModelIntegratedComponent:63 - No mode defined for component null
2024-12-04 23:19:42,976 [WARN] ModelIntegratedComponent:63 - No mode defined for component null
2024-12-04 23:19:42,976 [WARN] ModelIntegratedComponent:63 - No mode defined for component null
2024-12-04 23:19:42,976 [WARN] ModelIntegratedComponent:63 - No mode defined for component null
2024-12-04 23:19:42,976 [WARN] ModelIntegratedComponent:63 - No mode defined for component null
2024-12-04 23:19:42,976 [WARN] ModelIntegratedComponent:63 - No mode defined for component null
2024-12-04 23:19:42,976 [WARN] ModelIntegratedComponent:63 - No mode defined for component null
2024-12-04 23:19:42,976 [WARN] ModelIntegratedComponent:63 - No mode defined for component null
2024-12-04 23:19:42,976 [WARN] ModelIntegratedComponent:63 - No mode defined for component null
2024-12-04 23:19:42,976 [WARN] ModelIntegratedComponent:63 - No mode defined for component null
2024-12-04 23:19:42,976 [WARN] ModelIntegratedComponent:63 - No mode defined for component null
2024-12-04 23:19:42,976 [WARN] ModelIntegratedComponent:63 - No mode defined for component null
2024-12-04 23:19:42,976 [WARN] ModelIntegratedComponent:63 - No mode defined for component null
2024-12-04 23:19:42,976 [WARN] ModelIntegratedComponent:63 - No mode defined for component null
2024-12-04 23:19:42,976 [WARN] ModelIntegratedComponent:63 - No mode defined for component null
2024-12-04 23:19:42,976 [WARN] ModelIntegratedComponent:63 - No mode defined for component null
2024-12-04 23:19:42,976 [WARN] ModelIntegratedComponent:63 - No mode defined for component null
2024-12-04 23:19:42,976 [WARN] ModelIntegratedComponent:63 - No mode defined for component null
2024-12-04 23:19:42,976 [WARN] ModelIntegratedComponent:63 - No mode defined for component null
2024-12-04 23:19:42,976 [WARN] ModelIntegratedComponent:63 - No mode defined for component null
2024-12-04 23:19:42,976 [WARN] ModelIntegratedComponent:63 - No mode defined for component null
2024-12-04 23:19:42,976 [WARN] ModelIntegratedComponent:63 - No mode defined for component null
2024-12-04 23:19:42,976 [WARN] ModelIntegratedComponent:63 - No mode defined for component null
2024-12-04 23:19:42,976 [WARN] ModelIntegratedComponent:63 - No mode defined for component null
2024-12-04 23:19:42,976 [WARN] ModelIntegratedComponent:63 - No mode defined for component null
2024-12-04 23:19:42,976 [WARN] ModelIntegratedComponent:63 - No mode defined for component null
2024-12-04 23:19:42,989 [INFO] ThirdPartyModel:298 - Start build external matchings
2024-12-04 23:19:44,180 [INFO] ThirdPartyModel:316 - End build external matchings
2024-12-04 23:19:44,411 [INFO] UtilMem:75 - End LoadConfig() Used Memory: 891627000 Bytes (1073741824)
2024-12-04 23:19:44,449 [WARN] ThirdParty:833 - waiting for thirdparty lock release [change project]
2024-12-04 23:19:44,449 [INFO] ThirdParty:835 - entering critical section [change project]
2024-12-04 23:19:44,449 [INFO] ThirdParty:1030 - CMSIS Pack Vendor :STMicroelectronics X-CUBE-ISPU 1.1.0
2024-12-04 23:19:44,449 [INFO] ThirdParty:1030 - CMSIS Pack Vendor :STMicroelectronics USBPD 4.1
2024-12-04 23:19:44,449 [INFO] ThirdParty:1030 - CMSIS Pack Vendor :STMicroelectronics X-CUBE-AZRTOS-H7 3.3.0
2024-12-04 23:19:44,449 [INFO] ThirdParty:1030 - CMSIS Pack Vendor :STMicroelectronics X-CUBE-NFC9 1.0.0
2024-12-04 23:19:44,449 [INFO] ThirdParty:1030 - CMSIS Pack Vendor :STMicroelectronics X-CUBE-GNSS1 6.0.0
2024-12-04 23:19:44,449 [INFO] ThirdParty:1030 - CMSIS Pack Vendor :STMicroelectronics USB_HOST 2.0.0
2024-12-04 23:19:44,449 [INFO] ThirdParty:1030 - CMSIS Pack Vendor :STMicroelectronics FP-SNS-MOTENVWB1 1.4.0
2024-12-04 23:19:44,449 [INFO] ThirdParty:1030 - CMSIS Pack Vendor :STMicroelectronics X-CUBE-AZRTOS-F4 1.1.0
2024-12-04 23:19:44,449 [INFO] ThirdParty:1030 - CMSIS Pack Vendor :STMicroelectronics LIBJPEG 8.0.0
2024-12-04 23:19:44,449 [INFO] ThirdParty:1030 - CMSIS Pack Vendor :STMicroelectronics FP-ATR-ASTRA1 2.0.1
2024-12-04 23:19:44,449 [INFO] ThirdParty:1030 - CMSIS Pack Vendor :wolfSSL I-CUBE-wolfSSL 5.6.3
2024-12-04 23:19:44,449 [INFO] ThirdParty:1030 - CMSIS Pack Vendor :STMicroelectronics X-CUBE-SMBUS 2.1.0
2024-12-04 23:19:44,449 [INFO] ThirdParty:1030 - CMSIS Pack Vendor :STMicroelectronics X-CUBE-WB05N 1.1.0
2024-12-04 23:19:44,449 [INFO] ThirdParty:1030 - CMSIS Pack Vendor :STMicroelectronics USB_DEVICE 3.0.0
2024-12-04 23:19:44,449 [INFO] ThirdParty:1030 - CMSIS Pack Vendor :STMicroelectronics X-CUBE-TCPP 4.1.0
2024-12-04 23:19:44,449 [INFO] ThirdParty:1030 - CMSIS Pack Vendor :STMicroelectronics X-CUBE-ISPU 2.1.0
2024-12-04 23:19:44,449 [INFO] ThirdParty:1030 - CMSIS Pack Vendor :STMicroelectronics X-CUBE-FREERTOS 1.2.0
2024-12-04 23:19:44,449 [INFO] ThirdParty:1030 - CMSIS Pack Vendor :STMicroelectronics X-CUBE-AZRTOS-WB 2.0.0
2024-12-04 23:19:44,449 [INFO] ThirdParty:1030 - CMSIS Pack Vendor :STMicroelectronics X-CUBE-GNSS1 7.0.0
2024-12-04 23:19:44,449 [INFO] ThirdParty:1030 - CMSIS Pack Vendor :STMicroelectronics X-CUBE-AZRTOS-F7 1.1.0
2024-12-04 23:19:44,449 [INFO] ThirdParty:1030 - CMSIS Pack Vendor :STMicroelectronics X-CUBE-AZRTOS-L5 2.0.0
2024-12-04 23:19:44,449 [INFO] ThirdParty:1030 - CMSIS Pack Vendor :STMicroelectronics USB_DEVICE 2.0.0
2024-12-04 23:19:44,449 [INFO] ThirdParty:1030 - CMSIS Pack Vendor :STMicroelectronics X-CUBE-MEMS1 9.6.0
2024-12-04 23:19:44,449 [INFO] ThirdParty:1030 - CMSIS Pack Vendor :STMicroelectronics X-CUBE-NFC6 3.1.0
2024-12-04 23:19:44,449 [INFO] ThirdParty:1030 - CMSIS Pack Vendor :STMicroelectronics FP-SNS-MOTENV1 4.3.2
2024-12-04 23:19:44,449 [INFO] ThirdParty:1030 - CMSIS Pack Vendor :STMicroelectronics X-CUBE-ALGOBUILD 1.3.0
2024-12-04 23:19:44,449 [INFO] ThirdParty:1030 - CMSIS Pack Vendor :STMicroelectronics X-CUBE-MEMS1 11.0.0
2024-12-04 23:19:44,449 [INFO] ThirdParty:1030 - CMSIS Pack Vendor :STMicroelectronics FreeRTOS 0.0.1
2024-12-04 23:19:44,449 [INFO] ThirdParty:1030 - CMSIS Pack Vendor :STMicroelectronics X-CUBE-AZRTOS-G0 1.1.0
2024-12-04 23:19:44,449 [INFO] ThirdParty:1030 - CMSIS Pack Vendor :STMicroelectronics X-CUBE-BLEMGR 2.0.0
2024-12-04 23:19:44,449 [INFO] ThirdParty:1030 - CMSIS Pack Vendor :STMicroelectronics X-CUBE-SAFEA1 1.2.2
2024-12-04 23:19:44,449 [INFO] ThirdParty:1030 - CMSIS Pack Vendor :STMicroelectronics X-CUBE-NFC4 3.0.0
2024-12-04 23:19:44,449 [INFO] ThirdParty:1030 - CMSIS Pack Vendor :STMicroelectronics X-CUBE-SUBG2 5.0.0
2024-12-04 23:19:44,450 [INFO] ThirdParty:1030 - CMSIS Pack Vendor :STMicroelectronics STM32_WPAN 1.0.0
2024-12-04 23:19:44,450 [INFO] ThirdParty:1030 - CMSIS Pack Vendor :STMicroelectronics lwIP 2.0.3
2024-12-04 23:19:44,450 [INFO] ThirdParty:1030 - CMSIS Pack Vendor :STMicroelectronics FP-SNS-FLIGHT1 5.0.2
2024-12-04 23:19:44,450 [INFO] ThirdParty:1030 - CMSIS Pack Vendor :Cesanta I-CUBE-Mongoose 7.13.0
2024-12-04 23:19:44,450 [INFO] ThirdParty:1030 - CMSIS Pack Vendor :STMicroelectronics USB_HOST 1.0.0
2024-12-04 23:19:44,450 [INFO] ThirdParty:1030 - CMSIS Pack Vendor :STMicroelectronics X-CUBE-TOF1 3.3.1
2024-12-04 23:19:44,450 [INFO] ThirdParty:1030 - CMSIS Pack Vendor :STMicroelectronics X-CUBE-AZRTOS-G4 2.0.0
2024-12-04 23:19:44,450 [INFO] ThirdParty:1030 - CMSIS Pack Vendor :STMicroelectronics PDM2PCM 3.1.0
2024-12-04 23:19:44,450 [INFO] ThirdParty:1030 - CMSIS Pack Vendor :STMicroelectronics X-CUBE-AZRTOS-H7 3.1.0
2024-12-04 23:19:44,450 [INFO] ThirdParty:1030 - CMSIS Pack Vendor :STMicroelectronics PDM2PCM 3.3.0
2024-12-04 23:19:44,450 [INFO] ThirdParty:1030 - CMSIS Pack Vendor :STMicroelectronics X-CUBE-DISPLAY 3.0.0
2024-12-04 23:19:44,450 [INFO] ThirdParty:1030 - CMSIS Pack Vendor :STMicroelectronics X-CUBE-BLE1 7.0.0
2024-12-04 23:19:44,450 [INFO] ThirdParty:1030 - CMSIS Pack Vendor :STMicroelectronics FP-ATR-SIGFOX1 3.2.0
2024-12-04 23:19:44,450 [INFO] ThirdParty:1030 - CMSIS Pack Vendor :STMicroelectronics X-CUBE-NFC10 1.0.0
2024-12-04 23:19:44,450 [INFO] ThirdParty:1030 - CMSIS Pack Vendor :STMicroelectronics X-CUBE-EEPRMA1 5.1.0
2024-12-04 23:19:44,450 [INFO] ThirdParty:1030 - CMSIS Pack Vendor :STMicroelectronics HAL Drivers 0.0.0
2024-12-04 23:19:44,450 [INFO] ThirdParty:1030 - CMSIS Pack Vendor :STMicroelectronics MBEDTLS 2.16.2
2024-12-04 23:19:44,450 [INFO] ThirdParty:1030 - CMSIS Pack Vendor :STMicroelectronics X-CUBE-ALS 1.0.2
2024-12-04 23:19:44,450 [INFO] ThirdParty:1030 - CMSIS Pack Vendor :emotas I-CUBE-CANOPEN 1.3.0
2024-12-04 23:19:44,450 [INFO] ThirdParty:1030 - CMSIS Pack Vendor :STMicroelectronics X-CUBE-FREERTOS 1.1.0
2024-12-04 23:19:44,450 [INFO] ThirdParty:1030 - CMSIS Pack Vendor :STMicroelectronics X-CUBE-TOUCHGFX 4.22.0
2024-12-04 23:19:44,450 [INFO] ThirdParty:1030 - CMSIS Pack Vendor :STMicroelectronics X-CUBE-NFC7 1.0.1
2024-12-04 23:19:44,450 [INFO] ThirdParty:1030 - CMSIS Pack Vendor :STMicroelectronics MBEDTLS 2.14.1
2024-12-04 23:19:44,450 [INFO] ThirdParty:1030 - CMSIS Pack Vendor :ITTIA_DB I-CUBE-ITTIADB 8.9.0
2024-12-04 23:19:44,450 [INFO] ThirdParty:1030 - CMSIS Pack Vendor :STMicroelectronics X-CUBE-TOUCHGFX 4.24.1
2024-12-04 23:19:44,450 [INFO] ThirdParty:1030 - CMSIS Pack Vendor :STMicroelectronics X-CUBE-NFC6 3.0.0
2024-12-04 23:19:44,450 [INFO] ThirdParty:1030 - CMSIS Pack Vendor :wolfSSL I-CUBE-wolfTPM 3.4.0
2024-12-04 23:19:44,450 [INFO] ThirdParty:1030 - CMSIS Pack Vendor :STMicroelectronics X-CUBE-EEPRMA1 4.1.0
2024-12-04 23:19:44,450 [INFO] ThirdParty:1030 - CMSIS Pack Vendor :portGmbH I-Cube-SoM-uGOAL 1.1.0
2024-12-04 23:19:44,450 [INFO] ThirdParty:1030 - CMSIS Pack Vendor :STMicroelectronics X-CUBE-ALS 1.0.1
2024-12-04 23:19:44,450 [INFO] ThirdParty:1030 - CMSIS Pack Vendor :STMicroelectronics X-CUBE-BLEMGR 3.1.0
2024-12-04 23:19:44,450 [INFO] ThirdParty:1030 - CMSIS Pack Vendor :STMicroelectronics ThreadX 1.0.0
2024-12-04 23:19:44,450 [INFO] ThirdParty:1030 - CMSIS Pack Vendor :STMicroelectronics FP-SNS-SMARTAG2 1.2.0
2024-12-04 23:19:44,450 [INFO] ThirdParty:1030 - CMSIS Pack Vendor :STMicroelectronics X-CUBE-AZRTOS-WL 2.0.0
2024-12-04 23:19:44,450 [INFO] ThirdParty:1030 - CMSIS Pack Vendor :SEGGER I-CUBE-embOS 1.3.1
2024-12-04 23:19:44,450 [INFO] ThirdParty:1030 - CMSIS Pack Vendor :STMicroelectronics X-CUBE-ALGOBUILD 1.4.0
2024-12-04 23:19:44,450 [INFO] ThirdParty:1030 - CMSIS Pack Vendor :STMicroelectronics FP-SNS-MOTENV1 5.0.0
2024-12-04 23:19:44,450 [INFO] ThirdParty:1030 - CMSIS Pack Vendor :STMicroelectronics USB_DEVICE 1.0.0
2024-12-04 23:19:44,450 [INFO] ThirdParty:1030 - CMSIS Pack Vendor :STMicroelectronics X-CUBE-AI 8.1.0
2024-12-04 23:19:44,450 [INFO] ThirdParty:1030 - CMSIS Pack Vendor :STMicroelectronics X-CUBE-AZRTOS-H7RS 1.0.0
2024-12-04 23:19:44,450 [INFO] ThirdParty:1030 - CMSIS Pack Vendor :wolfSSL I-CUBE-wolfMQTT 1.19.0
2024-12-04 23:19:44,450 [INFO] ThirdParty:1030 - CMSIS Pack Vendor :STMicroelectronics X-CUBE-AZRTOS-L4 2.0.0
2024-12-04 23:19:44,451 [INFO] ThirdParty:1030 - CMSIS Pack Vendor :STMicroelectronics ThreadX 0.0.2
2024-12-04 23:19:44,451 [INFO] ThirdParty:1030 - CMSIS Pack Vendor :WES I-CUBE-Cesium 1.3.0
2024-12-04 23:19:44,451 [INFO] ThirdParty:1030 - CMSIS Pack Vendor :STMicroelectronics FP-ATR-ASTRA1 2.0.0
2024-12-04 23:19:44,451 [INFO] ThirdParty:1030 - CMSIS Pack Vendor :STMicroelectronics lwIP 2.1.2
2024-12-04 23:19:44,451 [INFO] ThirdParty:1030 - CMSIS Pack Vendor :STMicroelectronics X-CUBE-SFXS2LP1 4.0.0
2024-12-04 23:19:44,451 [INFO] ThirdParty:1030 - CMSIS Pack Vendor :STMicroelectronics X-CUBE-BLE2 3.3.0
2024-12-04 23:19:44,451 [INFO] ThirdParty:1030 - CMSIS Pack Vendor :STMicroelectronics X-CUBE-AI 9.1.0
2024-12-04 23:19:44,451 [INFO] ThirdParty:1030 - CMSIS Pack Vendor :STMicroelectronics PDM2PCM 3.2.0
2024-12-04 23:19:44,451 [INFO] ThirdParty:1030 - CMSIS Pack Vendor :wolfSSL I-CUBE-wolfSSH 1.4.17
2024-12-04 23:19:44,451 [INFO] ThirdParty:841 - exiting critical section [change project]
2024-12-04 23:19:44,614 [INFO] PinOutPanel:1499 - setPackage(No Configuration,No Configuration)
2024-12-04 23:19:44,615 [INFO] PinOutPanel:1499 - setPackage(STM32F407VGTx,LQFP100)
2024-12-04 23:19:44,810 [INFO] UtilMem:75 - Before build in PCC Used Memory: 784976616 Bytes (1073741824)
2024-12-04 23:19:45,046 [INFO] UtilMem:75 - After build in PCC Used Memory: 830065384 Bytes (1073741824)
2024-12-04 23:19:45,075 [INFO] IPUIPlugin:80 - create IPUIPlugin
2024-12-04 23:19:45,075 [INFO] IPUIPlugin:80 - create IPUIPlugin
2024-12-04 23:19:45,075 [INFO] IPUIPlugin:80 - create IPUIPlugin
2024-12-04 23:19:45,075 [INFO] IPUIPlugin:80 - create IPUIPlugin
2024-12-04 23:19:45,075 [INFO] IPUIPlugin:80 - create IPUIPlugin
2024-12-04 23:19:45,076 [INFO] IPUIPlugin:80 - create IPUIPlugin
2024-12-04 23:19:45,076 [INFO] IPUIPlugin:80 - create IPUIPlugin
2024-12-04 23:19:45,076 [INFO] IPUIPlugin:80 - create IPUIPlugin
2024-12-04 23:19:45,076 [INFO] IPUIPlugin:80 - create IPUIPlugin
2024-12-04 23:19:45,076 [INFO] IPUIPlugin:80 - create IPUIPlugin
2024-12-04 23:19:45,076 [INFO] IPUIPlugin:80 - create IPUIPlugin
2024-12-04 23:19:45,076 [INFO] IPUIPlugin:80 - create IPUIPlugin
2024-12-04 23:19:45,077 [INFO] IPUIPlugin:80 - create IPUIPlugin
2024-12-04 23:19:45,077 [INFO] IPUIPlugin:80 - create IPUIPlugin
2024-12-04 23:19:45,077 [INFO] IPUIPlugin:80 - create IPUIPlugin
2024-12-04 23:19:45,077 [INFO] IPUIPlugin:80 - create IPUIPlugin
2024-12-04 23:19:45,077 [INFO] IPUIPlugin:80 - create IPUIPlugin
2024-12-04 23:19:45,077 [INFO] IPUIPlugin:80 - create IPUIPlugin
2024-12-04 23:19:45,077 [INFO] IPUIPlugin:80 - create IPUIPlugin
2024-12-04 23:19:45,078 [INFO] IPUIPlugin:80 - create IPUIPlugin
2024-12-04 23:19:45,078 [INFO] IPUIPlugin:80 - create IPUIPlugin
2024-12-04 23:19:45,078 [INFO] IPUIPlugin:80 - create IPUIPlugin
2024-12-04 23:19:45,079 [INFO] IPUIPlugin:80 - create IPUIPlugin
2024-12-04 23:19:45,079 [INFO] IPUIPlugin:80 - create IPUIPlugin
2024-12-04 23:19:45,079 [INFO] IPUIPlugin:80 - create IPUIPlugin
2024-12-04 23:19:45,079 [INFO] IPUIPlugin:80 - create IPUIPlugin
2024-12-04 23:19:45,079 [INFO] IPUIPlugin:80 - create IPUIPlugin
2024-12-04 23:19:45,080 [INFO] IPUIPlugin:80 - create IPUIPlugin
2024-12-04 23:19:45,080 [INFO] IPUIPlugin:80 - create IPUIPlugin
2024-12-04 23:19:45,080 [INFO] IPUIPlugin:80 - create IPUIPlugin
2024-12-04 23:19:45,080 [INFO] IPUIPlugin:80 - create IPUIPlugin
2024-12-04 23:19:45,081 [INFO] IPUIPlugin:80 - create IPUIPlugin
2024-12-04 23:19:45,081 [INFO] IPUIPlugin:80 - create IPUIPlugin
2024-12-04 23:19:45,081 [INFO] IPUIPlugin:80 - create IPUIPlugin
2024-12-04 23:19:45,081 [INFO] IPUIPlugin:80 - create IPUIPlugin
2024-12-04 23:19:45,082 [INFO] IPUIPlugin:80 - create IPUIPlugin
2024-12-04 23:19:45,082 [INFO] IPUIPlugin:80 - create IPUIPlugin
2024-12-04 23:19:45,082 [INFO] IPUIPlugin:80 - create IPUIPlugin
2024-12-04 23:19:45,083 [INFO] IPUIPlugin:80 - create IPUIPlugin
2024-12-04 23:19:45,083 [INFO] IPUIPlugin:80 - create IPUIPlugin
2024-12-04 23:19:45,083 [INFO] IPUIPlugin:80 - create IPUIPlugin
2024-12-04 23:19:45,083 [INFO] IPUIPlugin:80 - create IPUIPlugin
2024-12-04 23:19:45,084 [INFO] IPUIPlugin:80 - create IPUIPlugin
2024-12-04 23:19:45,084 [INFO] IPUIPlugin:80 - create IPUIPlugin
2024-12-04 23:19:45,085 [INFO] IPUIPlugin:80 - create IPUIPlugin
2024-12-04 23:19:45,085 [INFO] IPUIPlugin:80 - create IPUIPlugin
2024-12-04 23:19:45,085 [INFO] IPUIPlugin:80 - create IPUIPlugin
2024-12-04 23:19:45,086 [INFO] IPUIPlugin:80 - create IPUIPlugin
2024-12-04 23:19:45,086 [INFO] IPUIPlugin:80 - create IPUIPlugin
2024-12-04 23:19:45,087 [INFO] IPUIPlugin:80 - create IPUIPlugin
2024-12-04 23:19:45,087 [INFO] IPUIPlugin:80 - create IPUIPlugin
2024-12-04 23:19:45,087 [INFO] IPUIPlugin:80 - create IPUIPlugin
2024-12-04 23:19:45,088 [INFO] IPUIPlugin:80 - create IPUIPlugin
2024-12-04 23:19:45,088 [INFO] IPUIPlugin:80 - create IPUIPlugin
2024-12-04 23:19:45,089 [INFO] IPUIPlugin:80 - create IPUIPlugin
2024-12-04 23:19:45,090 [INFO] IPUIPlugin:80 - create IPUIPlugin
2024-12-04 23:19:45,090 [INFO] IPUIPlugin:80 - create IPUIPlugin
2024-12-04 23:19:45,091 [INFO] IPUIPlugin:80 - create IPUIPlugin
2024-12-04 23:19:45,095 [INFO] ApiDbMcu:507 - Load IP Config File for PDM2PCM
2024-12-04 23:19:45,117 [INFO] CADModel:165 - CPN selected for project levelSTM32F407VGT6
2024-12-04 23:19:45,117 [INFO] CADModel:114 - Register for checkConnection events
2024-12-04 23:19:45,173 [INFO] OpenFileManager:328 - Restore cursor
2024-12-04 23:27:31,052 [INFO] UtilMem:75 - End SaveConfig() Used Memory: 928817520 Bytes (1073741824)
2024-12-04 23:27:31,146 [INFO] UtilMem:75 - End SaveConfig() Used Memory: 950311280 Bytes (1073741824)
2024-12-04 23:27:34,140 [INFO] UtilMem:75 - End SaveConfig() Used Memory: 724731384 Bytes (1073741824)
2024-12-04 23:27:34,424 [INFO] BlockDiagram:2759 - set Specific Code input for plugin: SYS
2024-12-04 23:27:34,424 [INFO] BlockDiagram:2759 - set Specific Code input for plugin: RCC
2024-12-04 23:27:34,424 [INFO] BlockDiagram:2759 - set Specific Code input for plugin: NVIC
2024-12-04 23:27:34,425 [INFO] BlockDiagram:2759 - set Specific Code input for plugin: GPIO
2024-12-04 23:27:34,425 [INFO] CodeGenerator:799 - code generatio: config db path: C:\ST\STM32CubeIDE_1.13.1\STM32CubeIDE\plugins\com.st.stm32cube.common.mx_6.9.1.202307191849\\db\
2024-12-04 23:27:34,675 [INFO] CodeEngine:255 - oldGeneratedFile, D:\freeRTOS\rtos_workspace\hello_world\MXTmpFiles\license.tmp_save
2024-12-04 23:27:34,807 [INFO] CodeEngine:279 - Generated code: D:\freeRTOS\rtos_workspace\hello_world\MXTmpFiles\license.tmp
2024-12-04 23:27:34,909 [INFO] CodeEngine:255 - oldGeneratedFile, D:\freeRTOS\rtos_workspace\hello_world\MXTmpFiles\gpio.tmp_save
2024-12-04 23:27:35,091 [INFO] CodeEngine:279 - Generated code: D:\freeRTOS\rtos_workspace\hello_world\MXTmpFiles\gpio.tmp
2024-12-04 23:27:35,195 [INFO] CodeEngine:255 - oldGeneratedFile, D:\freeRTOS\rtos_workspace\hello_world\Core\Src\stm32f4xx_it.c_save
2024-12-04 23:27:35,469 [INFO] CodeEngine:279 - Generated code: D:\freeRTOS\rtos_workspace\hello_world\Core\Src\stm32f4xx_it.c
2024-12-04 23:27:35,490 [INFO] CodeEngine:255 - oldGeneratedFile, D:\freeRTOS\rtos_workspace\hello_world\Core\Inc\stm32f4xx_it.h_save
2024-12-04 23:27:35,576 [INFO] CodeEngine:279 - Generated code: D:\freeRTOS\rtos_workspace\hello_world\Core\Inc\stm32f4xx_it.h
2024-12-04 23:27:35,608 [INFO] CodeEngine:255 - oldGeneratedFile, D:\freeRTOS\rtos_workspace\hello_world\Core\Src\stm32f4xx_hal_msp.c_save
2024-12-04 23:27:35,762 [INFO] CodeEngine:279 - Generated code: D:\freeRTOS\rtos_workspace\hello_world\Core\Src\stm32f4xx_hal_msp.c
2024-12-04 23:27:35,781 [INFO] CodeEngine:255 - oldGeneratedFile, D:\freeRTOS\rtos_workspace\hello_world\MXTmpFiles\system.tmp_save
2024-12-04 23:27:35,916 [INFO] CodeEngine:279 - Generated code: D:\freeRTOS\rtos_workspace\hello_world\MXTmpFiles\system.tmp
2024-12-04 23:27:35,950 [INFO] CodeEngine:255 - oldGeneratedFile, D:\freeRTOS\rtos_workspace\hello_world\Core\Src\stm32f4xx_hal_timebase_tim.c_save
2024-12-04 23:27:36,152 [INFO] CodeEngine:279 - Generated code: D:\freeRTOS\rtos_workspace\hello_world\Core\Src\stm32f4xx_hal_timebase_tim.c
2024-12-04 23:27:36,184 [INFO] CodeEngine:311 - oldGeneratedFile, D:\freeRTOS\rtos_workspace\hello_world\Core\Inc\stm32f4xx_hal_conf.h_save
2024-12-04 23:27:36,330 [INFO] CodeEngine:335 - Generated code: D:\freeRTOS\rtos_workspace\hello_world\Core\Inc\stm32f4xx_hal_conf.h
2024-12-04 23:27:36,449 [INFO] CodeEngine:255 - oldGeneratedFile, D:\freeRTOS\rtos_workspace\hello_world\Core\Inc\main.h_save
2024-12-04 23:27:36,610 [INFO] CodeEngine:279 - Generated code: D:\freeRTOS\rtos_workspace\hello_world\Core\Inc\main.h
2024-12-04 23:27:36,638 [INFO] CodeEngine:255 - oldGeneratedFile, D:\freeRTOS\rtos_workspace\hello_world\Core\Src\main.c_save
2024-12-04 23:27:36,805 [INFO] CodeEngine:279 - Generated code: D:\freeRTOS\rtos_workspace\hello_world\Core\Src\main.c
2024-12-04 23:27:37,512 [INFO] ProjectBuilder:3064 - Time for Copy HAL[1] : 146mS.
2024-12-04 23:27:37,516 [INFO] ProjectBuilder:4404 - Project Generator version: 4.1.0
2024-12-04 23:27:37,891 [INFO] ConfigFileManager:1457 - The Die is : DIE413
2024-12-04 23:27:37,905 [INFO] ApiDbMcu:507 - Load IP Config File for FATFS
2024-12-04 23:27:37,920 [INFO] ApiDbMcu:507 - Load IP Config File for FREERTOS
2024-12-04 23:27:37,933 [INFO] ApiDbMcu:507 - Load IP Config File for LIBJPEG
2024-12-04 23:27:37,950 [INFO] ApiDbMcu:507 - Load IP Config File for LWIP
2024-12-04 23:27:37,971 [INFO] ApiDbMcu:507 - Load IP Config File for MBEDTLS
2024-12-04 23:27:37,989 [INFO] ApiDbMcu:507 - Load IP Config File for USB_DEVICE
2024-12-04 23:27:38,002 [INFO] ApiDbMcu:507 - Load IP Config File for USB_HOST
2024-12-04 23:27:40,258 [INFO] ProjectBuilder:4626 - Time for Generating toolchain IDE Files: 2742mS.
2024-12-04 23:27:40,259 [INFO] ProjectBuilder:2935 - Time for Copy CMSIS : 1mS.
2024-12-04 23:27:40,260 [INFO] ProjectBuilder:2935 - Time for Copy CMSIS : 0mS.
2024-12-04 23:28:18,064 [INFO] LogOutputStream:77 - [STDOUT_REDIRECT] StartTraceHandler.execute(), success : Collect=false
2024-12-04 23:28:18,661 [INFO] LogOutputStream:77 - [STDOUT_REDIRECT] StartTraceHandler.execute(), success : Collect=true
2024-12-04 23:31:04,422 [ERROR] LogOutputStream:75 - [STDERR_REDIRECT] 
