2024-12-04 21:50:15,916 [INFO] DmaTabbedPanel:205 - Cannot restore the selected Tab for DMA
2024-12-04 21:56:36,459 [INFO] MainUpdater:2868 - connection check result : 10
2024-12-04 21:56:36,459 [INFO] MainUpdater:2868 - connection check result : 10
2024-12-04 21:56:36,545 [INFO] MicroXplorer:468 - Change Database Path : 
2024-12-04 21:56:36,545 [INFO] MicroXplorer:498 - Change Database Version : DB.6.0.91
2024-12-04 21:56:36,583 [WARN] ThirdParty:871 - waiting for thirdparty lock release [close project]
2024-12-04 21:56:36,583 [INFO] ThirdParty:873 - entering critical section [close project]
2024-12-04 21:56:36,583 [INFO] ThirdParty:883 - exiting critical section [close project]
2024-12-04 21:56:36,584 [INFO] PinOutPanel:1499 - setPackage(No Configuration,No Configuration)
2024-12-04 21:56:36,591 [WARN] IpParametersView:151 - Warning: This peripheral hasn't parameters
2024-12-04 21:56:36,594 [WARN] MainPanel:272 - <html><b><center>Warning: This peripheral has no parameters to be configured<br></b></html>
2024-12-04 21:56:36,596 [INFO] UtilMem:75 - Begin LoadConfig() Used Memory: 742255744 Bytes (1073741824)
2024-12-04 21:56:36,597 [INFO] MicroXplorer:468 - Change Database Path : 
2024-12-04 21:56:36,597 [INFO] MicroXplorer:498 - Change Database Version : DB.6.0.91
2024-12-04 21:56:36,597 [INFO] OpenFileManager:308 - Change cursor
2024-12-04 21:56:36,624 [INFO] RulesReader:64 - Compatibility file has been processed (293 Rules)
2024-12-04 21:56:36,638 [INFO] Mcu:1946 - Initializing MCU STM32F407V(E-G)Tx STM32F407VGTx STM32F407VGT6
2024-12-04 21:56:38,382 [INFO] Context:659 - Trying to add GPIOservice into a context  which must be forbidden
2024-12-04 21:56:39,068 [INFO] RtosManager:555 - Registered RTOS mode: class=CMSIS, group=RTOS, mode=CMSIS_V1, owner=FREERTOS
2024-12-04 21:56:39,068 [INFO] RtosManager:555 - Registered RTOS mode: class=CMSIS, group=RTOS2, mode=CMSIS_V2, owner=FREERTOS
2024-12-04 21:56:39,068 [INFO] RtosManager:555 - Registered RTOS mode: class=RTOS, group=Core, mode=CMSIS_V1, owner=FREERTOS
2024-12-04 21:56:39,068 [INFO] RtosManager:555 - Registered RTOS mode: class=RTOS, group=Core, mode=CMSIS_V2, owner=FREERTOS
2024-12-04 21:56:39,068 [WARN] ModelIntegratedComponent:184 - Missing modes for component STMicroelectronics:FreeRTOS:0.0.1:STMicroelectronics:RTOS:FreeRTOS:Core:::10.2.0:
2024-12-04 21:56:39,079 [WARN] ModelIntegratedComponent:63 - No mode defined for component null
2024-12-04 21:56:39,079 [WARN] ModelIntegratedComponent:63 - No mode defined for component null
2024-12-04 21:56:39,079 [WARN] ModelIntegratedComponent:63 - No mode defined for component null
2024-12-04 21:56:39,079 [WARN] ModelIntegratedComponent:63 - No mode defined for component null
2024-12-04 21:56:39,079 [WARN] ModelIntegratedComponent:63 - No mode defined for component null
2024-12-04 21:56:39,079 [WARN] ModelIntegratedComponent:63 - No mode defined for component null
2024-12-04 21:56:39,079 [WARN] ModelIntegratedComponent:63 - No mode defined for component null
2024-12-04 21:56:39,079 [WARN] ModelIntegratedComponent:63 - No mode defined for component null
2024-12-04 21:56:39,079 [WARN] ModelIntegratedComponent:63 - No mode defined for component null
2024-12-04 21:56:39,079 [WARN] ModelIntegratedComponent:63 - No mode defined for component null
2024-12-04 21:56:39,079 [WARN] ModelIntegratedComponent:63 - No mode defined for component null
2024-12-04 21:56:39,079 [WARN] ModelIntegratedComponent:63 - No mode defined for component null
2024-12-04 21:56:39,079 [WARN] ModelIntegratedComponent:63 - No mode defined for component null
2024-12-04 21:56:39,080 [WARN] ModelIntegratedComponent:63 - No mode defined for component null
2024-12-04 21:56:39,080 [WARN] ModelIntegratedComponent:63 - No mode defined for component null
2024-12-04 21:56:39,080 [WARN] ModelIntegratedComponent:63 - No mode defined for component null
2024-12-04 21:56:39,080 [WARN] ModelIntegratedComponent:63 - No mode defined for component null
2024-12-04 21:56:39,080 [WARN] ModelIntegratedComponent:63 - No mode defined for component null
2024-12-04 21:56:39,080 [WARN] ModelIntegratedComponent:63 - No mode defined for component null
2024-12-04 21:56:39,080 [WARN] ModelIntegratedComponent:63 - No mode defined for component null
2024-12-04 21:56:39,080 [WARN] ModelIntegratedComponent:63 - No mode defined for component null
2024-12-04 21:56:39,080 [WARN] ModelIntegratedComponent:63 - No mode defined for component null
2024-12-04 21:56:39,080 [WARN] ModelIntegratedComponent:63 - No mode defined for component null
2024-12-04 21:56:39,080 [WARN] ModelIntegratedComponent:63 - No mode defined for component null
2024-12-04 21:56:39,080 [WARN] ModelIntegratedComponent:63 - No mode defined for component null
2024-12-04 21:56:39,080 [WARN] ModelIntegratedComponent:63 - No mode defined for component null
2024-12-04 21:56:39,080 [WARN] ModelIntegratedComponent:63 - No mode defined for component null
2024-12-04 21:56:39,080 [WARN] ModelIntegratedComponent:63 - No mode defined for component null
2024-12-04 21:56:39,080 [WARN] ModelIntegratedComponent:63 - No mode defined for component null
2024-12-04 21:56:39,080 [WARN] ModelIntegratedComponent:63 - No mode defined for component null
2024-12-04 21:56:39,080 [WARN] ModelIntegratedComponent:63 - No mode defined for component null
2024-12-04 21:56:39,080 [WARN] ModelIntegratedComponent:63 - No mode defined for component null
2024-12-04 21:56:39,080 [WARN] ModelIntegratedComponent:63 - No mode defined for component null
2024-12-04 21:56:39,094 [INFO] ThirdPartyModel:298 - Start build external matchings
2024-12-04 21:56:40,394 [INFO] ThirdPartyModel:316 - End build external matchings
2024-12-04 21:56:40,622 [INFO] UtilMem:75 - End LoadConfig() Used Memory: 714079400 Bytes (1073741824)
2024-12-04 21:56:40,674 [WARN] ThirdParty:833 - waiting for thirdparty lock release [change project]
2024-12-04 21:56:40,674 [INFO] ThirdParty:835 - entering critical section [change project]
2024-12-04 21:56:40,674 [INFO] ThirdParty:1030 - CMSIS Pack Vendor :STMicroelectronics X-CUBE-ISPU 1.1.0
2024-12-04 21:56:40,674 [INFO] ThirdParty:1030 - CMSIS Pack Vendor :STMicroelectronics USBPD 4.1
2024-12-04 21:56:40,674 [INFO] ThirdParty:1030 - CMSIS Pack Vendor :STMicroelectronics X-CUBE-AZRTOS-H7 3.3.0
2024-12-04 21:56:40,674 [INFO] ThirdParty:1030 - CMSIS Pack Vendor :STMicroelectronics X-CUBE-NFC9 1.0.0
2024-12-04 21:56:40,674 [INFO] ThirdParty:1030 - CMSIS Pack Vendor :STMicroelectronics X-CUBE-GNSS1 6.0.0
2024-12-04 21:56:40,674 [INFO] ThirdParty:1030 - CMSIS Pack Vendor :STMicroelectronics USB_HOST 2.0.0
2024-12-04 21:56:40,674 [INFO] ThirdParty:1030 - CMSIS Pack Vendor :STMicroelectronics FP-SNS-MOTENVWB1 1.4.0
2024-12-04 21:56:40,674 [INFO] ThirdParty:1030 - CMSIS Pack Vendor :STMicroelectronics X-CUBE-AZRTOS-F4 1.1.0
2024-12-04 21:56:40,674 [INFO] ThirdParty:1030 - CMSIS Pack Vendor :STMicroelectronics LIBJPEG 8.0.0
2024-12-04 21:56:40,674 [INFO] ThirdParty:1030 - CMSIS Pack Vendor :STMicroelectronics FP-ATR-ASTRA1 2.0.1
2024-12-04 21:56:40,674 [INFO] ThirdParty:1030 - CMSIS Pack Vendor :wolfSSL I-CUBE-wolfSSL 5.6.3
2024-12-04 21:56:40,674 [INFO] ThirdParty:1030 - CMSIS Pack Vendor :STMicroelectronics X-CUBE-SMBUS 2.1.0
2024-12-04 21:56:40,674 [INFO] ThirdParty:1030 - CMSIS Pack Vendor :STMicroelectronics X-CUBE-WB05N 1.1.0
2024-12-04 21:56:40,674 [INFO] ThirdParty:1030 - CMSIS Pack Vendor :STMicroelectronics USB_DEVICE 3.0.0
2024-12-04 21:56:40,675 [INFO] ThirdParty:1030 - CMSIS Pack Vendor :STMicroelectronics X-CUBE-TCPP 4.1.0
2024-12-04 21:56:40,675 [INFO] ThirdParty:1030 - CMSIS Pack Vendor :STMicroelectronics X-CUBE-ISPU 2.1.0
2024-12-04 21:56:40,675 [INFO] ThirdParty:1030 - CMSIS Pack Vendor :STMicroelectronics X-CUBE-FREERTOS 1.2.0
2024-12-04 21:56:40,675 [INFO] ThirdParty:1030 - CMSIS Pack Vendor :STMicroelectronics X-CUBE-AZRTOS-WB 2.0.0
2024-12-04 21:56:40,675 [INFO] ThirdParty:1030 - CMSIS Pack Vendor :STMicroelectronics X-CUBE-GNSS1 7.0.0
2024-12-04 21:56:40,675 [INFO] ThirdParty:1030 - CMSIS Pack Vendor :STMicroelectronics X-CUBE-AZRTOS-F7 1.1.0
2024-12-04 21:56:40,675 [INFO] ThirdParty:1030 - CMSIS Pack Vendor :STMicroelectronics X-CUBE-AZRTOS-L5 2.0.0
2024-12-04 21:56:40,675 [INFO] ThirdParty:1030 - CMSIS Pack Vendor :STMicroelectronics USB_DEVICE 2.0.0
2024-12-04 21:56:40,675 [INFO] ThirdParty:1030 - CMSIS Pack Vendor :STMicroelectronics X-CUBE-MEMS1 9.6.0
2024-12-04 21:56:40,675 [INFO] ThirdParty:1030 - CMSIS Pack Vendor :STMicroelectronics X-CUBE-NFC6 3.1.0
2024-12-04 21:56:40,675 [INFO] ThirdParty:1030 - CMSIS Pack Vendor :STMicroelectronics FP-SNS-MOTENV1 4.3.2
2024-12-04 21:56:40,675 [INFO] ThirdParty:1030 - CMSIS Pack Vendor :STMicroelectronics X-CUBE-ALGOBUILD 1.3.0
2024-12-04 21:56:40,675 [INFO] ThirdParty:1030 - CMSIS Pack Vendor :STMicroelectronics X-CUBE-MEMS1 11.0.0
2024-12-04 21:56:40,675 [INFO] ThirdParty:1030 - CMSIS Pack Vendor :STMicroelectronics FreeRTOS 0.0.1
2024-12-04 21:56:40,675 [INFO] ThirdParty:1030 - CMSIS Pack Vendor :STMicroelectronics X-CUBE-AZRTOS-G0 1.1.0
2024-12-04 21:56:40,675 [INFO] ThirdParty:1030 - CMSIS Pack Vendor :STMicroelectronics X-CUBE-BLEMGR 2.0.0
2024-12-04 21:56:40,675 [INFO] ThirdParty:1030 - CMSIS Pack Vendor :STMicroelectronics X-CUBE-SAFEA1 1.2.2
2024-12-04 21:56:40,675 [INFO] ThirdParty:1030 - CMSIS Pack Vendor :STMicroelectronics X-CUBE-NFC4 3.0.0
2024-12-04 21:56:40,675 [INFO] ThirdParty:1030 - CMSIS Pack Vendor :STMicroelectronics X-CUBE-SUBG2 5.0.0
2024-12-04 21:56:40,675 [INFO] ThirdParty:1030 - CMSIS Pack Vendor :STMicroelectronics STM32_WPAN 1.0.0
2024-12-04 21:56:40,675 [INFO] ThirdParty:1030 - CMSIS Pack Vendor :STMicroelectronics lwIP 2.0.3
2024-12-04 21:56:40,675 [INFO] ThirdParty:1030 - CMSIS Pack Vendor :STMicroelectronics FP-SNS-FLIGHT1 5.0.2
2024-12-04 21:56:40,675 [INFO] ThirdParty:1030 - CMSIS Pack Vendor :Cesanta I-CUBE-Mongoose 7.13.0
2024-12-04 21:56:40,675 [INFO] ThirdParty:1030 - CMSIS Pack Vendor :STMicroelectronics USB_HOST 1.0.0
2024-12-04 21:56:40,675 [INFO] ThirdParty:1030 - CMSIS Pack Vendor :STMicroelectronics X-CUBE-TOF1 3.3.1
2024-12-04 21:56:40,675 [INFO] ThirdParty:1030 - CMSIS Pack Vendor :STMicroelectronics X-CUBE-AZRTOS-G4 2.0.0
2024-12-04 21:56:40,675 [INFO] ThirdParty:1030 - CMSIS Pack Vendor :STMicroelectronics PDM2PCM 3.1.0
2024-12-04 21:56:40,675 [INFO] ThirdParty:1030 - CMSIS Pack Vendor :STMicroelectronics X-CUBE-AZRTOS-H7 3.1.0
2024-12-04 21:56:40,675 [INFO] ThirdParty:1030 - CMSIS Pack Vendor :STMicroelectronics PDM2PCM 3.3.0
2024-12-04 21:56:40,675 [INFO] ThirdParty:1030 - CMSIS Pack Vendor :STMicroelectronics X-CUBE-DISPLAY 3.0.0
2024-12-04 21:56:40,675 [INFO] ThirdParty:1030 - CMSIS Pack Vendor :STMicroelectronics X-CUBE-BLE1 7.0.0
2024-12-04 21:56:40,676 [INFO] ThirdParty:1030 - CMSIS Pack Vendor :STMicroelectronics FP-ATR-SIGFOX1 3.2.0
2024-12-04 21:56:40,676 [INFO] ThirdParty:1030 - CMSIS Pack Vendor :STMicroelectronics X-CUBE-NFC10 1.0.0
2024-12-04 21:56:40,676 [INFO] ThirdParty:1030 - CMSIS Pack Vendor :STMicroelectronics X-CUBE-EEPRMA1 5.1.0
2024-12-04 21:56:40,676 [INFO] ThirdParty:1030 - CMSIS Pack Vendor :STMicroelectronics HAL Drivers 0.0.0
2024-12-04 21:56:40,676 [INFO] ThirdParty:1030 - CMSIS Pack Vendor :STMicroelectronics MBEDTLS 2.16.2
2024-12-04 21:56:40,676 [INFO] ThirdParty:1030 - CMSIS Pack Vendor :STMicroelectronics X-CUBE-ALS 1.0.2
2024-12-04 21:56:40,676 [INFO] ThirdParty:1030 - CMSIS Pack Vendor :emotas I-CUBE-CANOPEN 1.3.0
2024-12-04 21:56:40,676 [INFO] ThirdParty:1030 - CMSIS Pack Vendor :STMicroelectronics X-CUBE-FREERTOS 1.1.0
2024-12-04 21:56:40,676 [INFO] ThirdParty:1030 - CMSIS Pack Vendor :STMicroelectronics X-CUBE-TOUCHGFX 4.22.0
2024-12-04 21:56:40,676 [INFO] ThirdParty:1030 - CMSIS Pack Vendor :STMicroelectronics X-CUBE-NFC7 1.0.1
2024-12-04 21:56:40,676 [INFO] ThirdParty:1030 - CMSIS Pack Vendor :STMicroelectronics MBEDTLS 2.14.1
2024-12-04 21:56:40,676 [INFO] ThirdParty:1030 - CMSIS Pack Vendor :ITTIA_DB I-CUBE-ITTIADB 8.9.0
2024-12-04 21:56:40,676 [INFO] ThirdParty:1030 - CMSIS Pack Vendor :STMicroelectronics X-CUBE-TOUCHGFX 4.24.1
2024-12-04 21:56:40,676 [INFO] ThirdParty:1030 - CMSIS Pack Vendor :STMicroelectronics X-CUBE-NFC6 3.0.0
2024-12-04 21:56:40,676 [INFO] ThirdParty:1030 - CMSIS Pack Vendor :wolfSSL I-CUBE-wolfTPM 3.4.0
2024-12-04 21:56:40,676 [INFO] ThirdParty:1030 - CMSIS Pack Vendor :STMicroelectronics X-CUBE-EEPRMA1 4.1.0
2024-12-04 21:56:40,676 [INFO] ThirdParty:1030 - CMSIS Pack Vendor :portGmbH I-Cube-SoM-uGOAL 1.1.0
2024-12-04 21:56:40,676 [INFO] ThirdParty:1030 - CMSIS Pack Vendor :STMicroelectronics X-CUBE-ALS 1.0.1
2024-12-04 21:56:40,676 [INFO] ThirdParty:1030 - CMSIS Pack Vendor :STMicroelectronics X-CUBE-BLEMGR 3.1.0
2024-12-04 21:56:40,676 [INFO] ThirdParty:1030 - CMSIS Pack Vendor :STMicroelectronics ThreadX 1.0.0
2024-12-04 21:56:40,676 [INFO] ThirdParty:1030 - CMSIS Pack Vendor :STMicroelectronics FP-SNS-SMARTAG2 1.2.0
2024-12-04 21:56:40,676 [INFO] ThirdParty:1030 - CMSIS Pack Vendor :STMicroelectronics X-CUBE-AZRTOS-WL 2.0.0
2024-12-04 21:56:40,676 [INFO] ThirdParty:1030 - CMSIS Pack Vendor :SEGGER I-CUBE-embOS 1.3.1
2024-12-04 21:56:40,676 [INFO] ThirdParty:1030 - CMSIS Pack Vendor :STMicroelectronics X-CUBE-ALGOBUILD 1.4.0
2024-12-04 21:56:40,676 [INFO] ThirdParty:1030 - CMSIS Pack Vendor :STMicroelectronics FP-SNS-MOTENV1 5.0.0
2024-12-04 21:56:40,676 [INFO] ThirdParty:1030 - CMSIS Pack Vendor :STMicroelectronics USB_DEVICE 1.0.0
2024-12-04 21:56:40,676 [INFO] ThirdParty:1030 - CMSIS Pack Vendor :STMicroelectronics X-CUBE-AI 8.1.0
2024-12-04 21:56:40,676 [INFO] ThirdParty:1030 - CMSIS Pack Vendor :STMicroelectronics X-CUBE-AZRTOS-H7RS 1.0.0
2024-12-04 21:56:40,676 [INFO] ThirdParty:1030 - CMSIS Pack Vendor :wolfSSL I-CUBE-wolfMQTT 1.19.0
2024-12-04 21:56:40,676 [INFO] ThirdParty:1030 - CMSIS Pack Vendor :STMicroelectronics X-CUBE-AZRTOS-L4 2.0.0
2024-12-04 21:56:40,676 [INFO] ThirdParty:1030 - CMSIS Pack Vendor :STMicroelectronics ThreadX 0.0.2
2024-12-04 21:56:40,676 [INFO] ThirdParty:1030 - CMSIS Pack Vendor :WES I-CUBE-Cesium 1.3.0
2024-12-04 21:56:40,676 [INFO] ThirdParty:1030 - CMSIS Pack Vendor :STMicroelectronics FP-ATR-ASTRA1 2.0.0
2024-12-04 21:56:40,676 [INFO] ThirdParty:1030 - CMSIS Pack Vendor :STMicroelectronics lwIP 2.1.2
2024-12-04 21:56:40,676 [INFO] ThirdParty:1030 - CMSIS Pack Vendor :STMicroelectronics X-CUBE-SFXS2LP1 4.0.0
2024-12-04 21:56:40,676 [INFO] ThirdParty:1030 - CMSIS Pack Vendor :STMicroelectronics X-CUBE-BLE2 3.3.0
2024-12-04 21:56:40,676 [INFO] ThirdParty:1030 - CMSIS Pack Vendor :STMicroelectronics X-CUBE-AI 9.1.0
2024-12-04 21:56:40,676 [INFO] ThirdParty:1030 - CMSIS Pack Vendor :STMicroelectronics PDM2PCM 3.2.0
2024-12-04 21:56:40,676 [INFO] ThirdParty:1030 - CMSIS Pack Vendor :wolfSSL I-CUBE-wolfSSH 1.4.17
2024-12-04 21:56:40,677 [INFO] ThirdParty:841 - exiting critical section [change project]
2024-12-04 21:56:40,864 [INFO] PinOutPanel:1499 - setPackage(No Configuration,No Configuration)
2024-12-04 21:56:40,865 [INFO] PinOutPanel:1499 - setPackage(STM32F407VGTx,LQFP100)
2024-12-04 21:56:41,081 [INFO] UtilMem:75 - Before build in PCC Used Memory: 718317680 Bytes (1073741824)
2024-12-04 21:56:41,337 [INFO] UtilMem:75 - After build in PCC Used Memory: 763406448 Bytes (1073741824)
2024-12-04 21:56:41,373 [INFO] IPUIPlugin:80 - create IPUIPlugin
2024-12-04 21:56:41,373 [INFO] IPUIPlugin:80 - create IPUIPlugin
2024-12-04 21:56:41,373 [INFO] IPUIPlugin:80 - create IPUIPlugin
2024-12-04 21:56:41,373 [INFO] IPUIPlugin:80 - create IPUIPlugin
2024-12-04 21:56:41,373 [INFO] IPUIPlugin:80 - create IPUIPlugin
2024-12-04 21:56:41,373 [INFO] IPUIPlugin:80 - create IPUIPlugin
2024-12-04 21:56:41,373 [INFO] IPUIPlugin:80 - create IPUIPlugin
2024-12-04 21:56:41,374 [INFO] IPUIPlugin:80 - create IPUIPlugin
2024-12-04 21:56:41,374 [INFO] IPUIPlugin:80 - create IPUIPlugin
2024-12-04 21:56:41,374 [INFO] IPUIPlugin:80 - create IPUIPlugin
2024-12-04 21:56:41,374 [INFO] IPUIPlugin:80 - create IPUIPlugin
2024-12-04 21:56:41,374 [INFO] IPUIPlugin:80 - create IPUIPlugin
2024-12-04 21:56:41,374 [INFO] IPUIPlugin:80 - create IPUIPlugin
2024-12-04 21:56:41,374 [INFO] IPUIPlugin:80 - create IPUIPlugin
2024-12-04 21:56:41,375 [INFO] IPUIPlugin:80 - create IPUIPlugin
2024-12-04 21:56:41,375 [INFO] IPUIPlugin:80 - create IPUIPlugin
2024-12-04 21:56:41,375 [INFO] IPUIPlugin:80 - create IPUIPlugin
2024-12-04 21:56:41,375 [INFO] IPUIPlugin:80 - create IPUIPlugin
2024-12-04 21:56:41,375 [INFO] IPUIPlugin:80 - create IPUIPlugin
2024-12-04 21:56:41,376 [INFO] IPUIPlugin:80 - create IPUIPlugin
2024-12-04 21:56:41,376 [INFO] IPUIPlugin:80 - create IPUIPlugin
2024-12-04 21:56:41,376 [INFO] IPUIPlugin:80 - create IPUIPlugin
2024-12-04 21:56:41,377 [INFO] IPUIPlugin:80 - create IPUIPlugin
2024-12-04 21:56:41,377 [INFO] IPUIPlugin:80 - create IPUIPlugin
2024-12-04 21:56:41,377 [INFO] IPUIPlugin:80 - create IPUIPlugin
2024-12-04 21:56:41,378 [INFO] IPUIPlugin:80 - create IPUIPlugin
2024-12-04 21:56:41,378 [INFO] IPUIPlugin:80 - create IPUIPlugin
2024-12-04 21:56:41,378 [INFO] IPUIPlugin:80 - create IPUIPlugin
2024-12-04 21:56:41,379 [INFO] IPUIPlugin:80 - create IPUIPlugin
2024-12-04 21:56:41,379 [INFO] IPUIPlugin:80 - create IPUIPlugin
2024-12-04 21:56:41,380 [INFO] IPUIPlugin:80 - create IPUIPlugin
2024-12-04 21:56:41,380 [INFO] IPUIPlugin:80 - create IPUIPlugin
2024-12-04 21:56:41,380 [INFO] IPUIPlugin:80 - create IPUIPlugin
2024-12-04 21:56:41,381 [INFO] IPUIPlugin:80 - create IPUIPlugin
2024-12-04 21:56:41,381 [INFO] IPUIPlugin:80 - create IPUIPlugin
2024-12-04 21:56:41,381 [INFO] IPUIPlugin:80 - create IPUIPlugin
2024-12-04 21:56:41,382 [INFO] IPUIPlugin:80 - create IPUIPlugin
2024-12-04 21:56:41,382 [INFO] IPUIPlugin:80 - create IPUIPlugin
2024-12-04 21:56:41,382 [INFO] IPUIPlugin:80 - create IPUIPlugin
2024-12-04 21:56:41,383 [INFO] IPUIPlugin:80 - create IPUIPlugin
2024-12-04 21:56:41,383 [INFO] IPUIPlugin:80 - create IPUIPlugin
2024-12-04 21:56:41,383 [INFO] IPUIPlugin:80 - create IPUIPlugin
2024-12-04 21:56:41,384 [INFO] IPUIPlugin:80 - create IPUIPlugin
2024-12-04 21:56:41,384 [INFO] IPUIPlugin:80 - create IPUIPlugin
2024-12-04 21:56:41,384 [INFO] IPUIPlugin:80 - create IPUIPlugin
2024-12-04 21:56:41,385 [INFO] IPUIPlugin:80 - create IPUIPlugin
2024-12-04 21:56:41,385 [INFO] IPUIPlugin:80 - create IPUIPlugin
2024-12-04 21:56:41,386 [INFO] IPUIPlugin:80 - create IPUIPlugin
2024-12-04 21:56:41,386 [INFO] IPUIPlugin:80 - create IPUIPlugin
2024-12-04 21:56:41,387 [INFO] IPUIPlugin:80 - create IPUIPlugin
2024-12-04 21:56:41,387 [INFO] IPUIPlugin:80 - create IPUIPlugin
2024-12-04 21:56:41,387 [INFO] IPUIPlugin:80 - create IPUIPlugin
2024-12-04 21:56:41,389 [INFO] IPUIPlugin:80 - create IPUIPlugin
2024-12-04 21:56:41,390 [INFO] IPUIPlugin:80 - create IPUIPlugin
2024-12-04 21:56:41,390 [INFO] IPUIPlugin:80 - create IPUIPlugin
2024-12-04 21:56:41,391 [INFO] IPUIPlugin:80 - create IPUIPlugin
2024-12-04 21:56:41,392 [INFO] IPUIPlugin:80 - create IPUIPlugin
2024-12-04 21:56:41,392 [INFO] IPUIPlugin:80 - create IPUIPlugin
2024-12-04 21:56:41,414 [INFO] ApiDbMcu:507 - Load IP Config File for PDM2PCM
2024-12-04 21:56:41,431 [INFO] CADModel:165 - CPN selected for project levelSTM32F407VGT6
2024-12-04 21:56:41,431 [INFO] CADModel:114 - Register for checkConnection events
2024-12-04 21:56:41,483 [INFO] OpenFileManager:328 - Restore cursor
