2024-12-05 21:41:06,736 [INFO] Activator:176 - 


2024-12-05 21:41:06,742 [INFO] Activator:177 - !SESSION log4j initialized
2024-12-05 21:41:13,933 [INFO] LogOutputStream:77 - [STDOUT_REDIRECT] 
2024-12-05 21:41:16,215 [INFO] ApplicationProperties:184 - Using Application install path: C:\ST\STM32CubeIDE_1.13.1\STM32CubeIDE\plugins\com.st.stm32cube.common.mx_6.9.1.202307191849
2024-12-05 21:41:16,236 [INFO] DbMcusXml:78 - Set database path to: C:\ST\STM32CubeIDE_1.13.1\STM32CubeIDE\plugins\com.st.stm32cube.common.mx_6.9.1.202307191849\\db\/mcu/
2024-12-05 21:41:16,236 [INFO] ApiDb:274 - Set plugin database path to: C:\ST\STM32CubeIDE_1.13.1\STM32CubeIDE\plugins\com.st.stm32cube.common.mx_6.9.1.202307191849\\db\/plugins/boardmanager/
2024-12-05 21:41:16,237 [WARN] ApiDb:259 - Overriding images path with different value:  => C:\ST\STM32CubeIDE_1.13.1\STM32CubeIDE\plugins\com.st.stm32cube.common.mx_6.9.1.202307191849\\db\/plugins/mcufinder/images/
2024-12-05 21:41:16,250 [INFO] ApiDb:250 - Set database path to: C:\Users\betul\.stmcufinder\plugins\mcufinder//mcu/
2024-12-05 21:41:16,251 [INFO] DbMcusAds:125 - Set database path to: C:\Users\betul\.stmcufinder\plugins\mcufinder//mcu/
2024-12-05 21:41:16,254 [INFO] CrossReferenceDbSqlite:203 - Set database path to: C:\Users\betul\.stmcufinder\plugins\mcufinder//mcu/cs/
2024-12-05 21:41:16,383 [INFO] RulesReader:64 - Compatibility file has been processed (293 Rules)
2024-12-05 21:41:16,480 [INFO] DbMcusXml:78 - Set database path to: C:\ST\STM32CubeIDE_1.13.1\STM32CubeIDE\plugins\com.st.stm32cube.common.mx_6.9.1.202307191849\\db\/mcu/
2024-12-05 21:41:16,480 [INFO] ApiDb:274 - Set plugin database path to: C:\ST\STM32CubeIDE_1.13.1\STM32CubeIDE\plugins\com.st.stm32cube.common.mx_6.9.1.202307191849\\db\/plugins/boardmanager/
2024-12-05 21:41:16,481 [INFO] ApiDb:261 - Set plugin images path to: C:\ST\STM32CubeIDE_1.13.1\STM32CubeIDE\plugins\com.st.stm32cube.common.mx_6.9.1.202307191849\\db\/plugins/mcufinder/images/
2024-12-05 21:41:16,481 [WARN] DbFile:41 - Overriding database path with different value: C:\Users\betul\.stmcufinder\plugins\mcufinder/ => C:\Users\betul\.stmcufinder\plugins\mcufinder
2024-12-05 21:41:16,481 [INFO] ApiDb:250 - Set database path to: C:\Users\betul\.stmcufinder\plugins\mcufinder//mcu/
2024-12-05 21:41:16,481 [WARN] DbFile:41 - Overriding database path with different value: C:\Users\betul\.stmcufinder\plugins\mcufinder/ => C:\Users\betul\.stmcufinder\plugins\mcufinder
2024-12-05 21:41:16,481 [INFO] DbMcusAds:125 - Set database path to: C:\Users\betul\.stmcufinder\plugins\mcufinder//mcu/
2024-12-05 21:41:16,481 [WARN] DbFile:41 - Overriding database path with different value: C:\Users\betul\.stmcufinder\plugins\mcufinder/ => C:\Users\betul\.stmcufinder\plugins\mcufinder
2024-12-05 21:41:16,481 [WARN] DbFile:41 - Overriding database path with different value: C:\Users\betul\.stmcufinder\plugins\mcufinder/ => C:\Users\betul\.stmcufinder\plugins\mcufinder
2024-12-05 21:41:16,482 [INFO] CrossReferenceDbSqlite:203 - Set database path to: C:\Users\betul\.stmcufinder\plugins\mcufinder//mcu/cs/
2024-12-05 21:41:16,575 [INFO] MainPanel:262 - HeapMemory: 268435456
2024-12-05 21:41:16,672 [INFO] DbMcusXml:78 - Set database path to: C:\ST\STM32CubeIDE_1.13.1\STM32CubeIDE\plugins\com.st.stm32cube.common.mx_6.9.1.202307191849\\db\/mcu/
2024-12-05 21:41:16,673 [INFO] ApiDb:274 - Set plugin database path to: C:\ST\STM32CubeIDE_1.13.1\STM32CubeIDE\plugins\com.st.stm32cube.common.mx_6.9.1.202307191849\\db\/plugins/boardmanager/
2024-12-05 21:41:16,673 [INFO] ApiDb:261 - Set plugin images path to: C:\ST\STM32CubeIDE_1.13.1\STM32CubeIDE\plugins\com.st.stm32cube.common.mx_6.9.1.202307191849\\db\/plugins/mcufinder/images/
2024-12-05 21:41:16,673 [WARN] DbFile:41 - Overriding database path with different value: C:\Users\betul\.stmcufinder\plugins\mcufinder/ => C:\Users\betul\.stmcufinder\plugins\mcufinder
2024-12-05 21:41:16,673 [INFO] ApiDb:250 - Set database path to: C:\Users\betul\.stmcufinder\plugins\mcufinder//mcu/
2024-12-05 21:41:16,674 [WARN] DbFile:41 - Overriding database path with different value: C:\Users\betul\.stmcufinder\plugins\mcufinder/ => C:\Users\betul\.stmcufinder\plugins\mcufinder
2024-12-05 21:41:16,674 [INFO] DbMcusAds:125 - Set database path to: C:\Users\betul\.stmcufinder\plugins\mcufinder//mcu/
2024-12-05 21:41:16,674 [WARN] DbFile:41 - Overriding database path with different value: C:\Users\betul\.stmcufinder\plugins\mcufinder/ => C:\Users\betul\.stmcufinder\plugins\mcufinder
2024-12-05 21:41:16,674 [WARN] DbFile:41 - Overriding database path with different value: C:\Users\betul\.stmcufinder\plugins\mcufinder/ => C:\Users\betul\.stmcufinder\plugins\mcufinder
2024-12-05 21:41:16,674 [INFO] CrossReferenceDbSqlite:203 - Set database path to: C:\Users\betul\.stmcufinder\plugins\mcufinder//mcu/cs/
2024-12-05 21:41:16,694 [INFO] ApplicationProperties:184 - Using Application install path: C:\ST\STM32CubeIDE_1.13.1\STM32CubeIDE\plugins\com.st.stm32cube.common.mx_6.9.1.202307191849
2024-12-05 21:41:16,695 [INFO] PluginManage:196 - Search for loadable plugins [exclusion list=, ]
2024-12-05 21:41:16,697 [INFO] PluginManage:310 - Check plugin analytics
2024-12-05 21:41:16,874 [INFO] AnalyticsPlugin:253 - Accepted Software Licenses: 
2024-12-05 21:41:16,874 [INFO] AnalyticsPlugin:255 - Accepted CMSIS Pack Licenses: 
2024-12-05 21:41:16,874 [INFO] AnalyticsPlugin:257 - Accepted Firmware Licenses: FW.F4.1.27.0
2024-12-05 21:41:16,880 [INFO] PluginManage:359 - Loaded plugin analytics (category:tool,tabindex:-1)
2024-12-05 21:41:16,881 [INFO] PluginManage:310 - Check plugin cadmodel
2024-12-05 21:41:16,900 [INFO] CADModel:105 - Init CAD model plugin
2024-12-05 21:41:16,900 [INFO] PluginManage:359 - Loaded plugin cadmodel (category:power,tabindex:5)
2024-12-05 21:41:16,901 [INFO] PluginManage:310 - Check plugin clock
2024-12-05 21:41:16,921 [INFO] PluginManage:359 - Loaded plugin clock (category:base,tabindex:2)
2024-12-05 21:41:16,921 [INFO] PluginManage:310 - Check plugin ddr
2024-12-05 21:41:16,924 [INFO] PluginManage:359 - Loaded plugin ddr (category:tool,tabindex:6)
2024-12-05 21:41:16,924 [INFO] PluginManage:310 - Check plugin filemanager
2024-12-05 21:41:17,069 [INFO] PluginManage:359 - Loaded plugin filemanager (category:base,tabindex:10)
2024-12-05 21:41:17,070 [INFO] PluginManage:310 - Check plugin ipmanager
2024-12-05 21:41:17,078 [INFO] PluginManage:359 - Loaded plugin ipmanager (category:base,tabindex:5)
2024-12-05 21:41:17,078 [INFO] PluginManage:310 - Check plugin lpbam
2024-12-05 21:41:17,098 [INFO] PluginManage:359 - Loaded plugin lpbam (category:base,tabindex:0)
2024-12-05 21:41:17,098 [INFO] PluginManage:310 - Check plugin memorymap
2024-12-05 21:41:17,127 [INFO] PluginManage:359 - Loaded plugin memorymap (category:base,tabindex:4)
2024-12-05 21:41:17,127 [INFO] PluginManage:310 - Check plugin pinoutandconfiguration
2024-12-05 21:41:17,145 [INFO] PluginManage:359 - Loaded plugin pinoutandconfiguration (category:base,tabindex:1)
2024-12-05 21:41:17,146 [INFO] PluginManage:310 - Check plugin pinoutconfig
2024-12-05 21:41:17,260 [WARN] SupportedApi:132 - Cannot load RTOS API schema: s4s-elt-must-match.1: The content of 'definitions' must match (annotation?, (simpleType | complexType)?, (unique | key | keyref)*)). A problem was found starting at: attribute.
2024-12-05 21:41:17,427 [INFO] PluginManage:359 - Loaded plugin pinoutconfig (category:base,tabindex:0)
2024-12-05 21:41:17,428 [INFO] PluginManage:310 - Check plugin power
2024-12-05 21:41:17,450 [INFO] PluginManage:359 - Loaded plugin power (category:power,tabindex:4)
2024-12-05 21:41:17,450 [INFO] PluginManage:310 - Check plugin projectmanager
2024-12-05 21:41:17,471 [INFO] PluginManage:359 - Loaded plugin projectmanager (category:projectmanager,tabindex:3)
2024-12-05 21:41:17,471 [INFO] PluginManage:310 - Check plugin thirdparty
2024-12-05 21:41:17,779 [INFO] PluginManage:359 - Loaded plugin thirdparty (category:base,tabindex:-1)
2024-12-05 21:41:17,779 [WARN] IntegrityCheckThread:84 - waiting for thirdparty lock release [integrity check]
2024-12-05 21:41:17,779 [INFO] PluginManage:310 - Check plugin tools
2024-12-05 21:41:17,779 [INFO] IntegrityCheckThread:86 - entering critical section [integrity check]
2024-12-05 21:41:17,780 [INFO] ThirdPartyUpdaterWithRetryManager:70 - Updater plugin not ready yet. [1/15]
2024-12-05 21:41:17,820 [INFO] PluginManage:359 - Loaded plugin tools (category:base,tabindex:7)
2024-12-05 21:41:17,820 [INFO] PluginManage:310 - Check plugin tutovideos
2024-12-05 21:41:18,084 [INFO] PluginManage:359 - Loaded plugin tutovideos (category:base,tabindex:-1)
2024-12-05 21:41:18,084 [INFO] PluginManage:310 - Check plugin updater
2024-12-05 21:41:18,097 [INFO] PluginManage:359 - Loaded plugin updater (category:base,tabindex:12)
2024-12-05 21:41:18,097 [INFO] PluginManage:310 - Check plugin userauth
2024-12-05 21:41:18,103 [INFO] UserAuth:113 - Init User Auth plugin
2024-12-05 21:41:18,103 [INFO] PluginManage:359 - Loaded plugin userauth (category:base,tabindex:14)
2024-12-05 21:41:18,104 [INFO] PluginManage:283 - PluginManage : Loaded plugins [17]
2024-12-05 21:41:18,367 [INFO] PinOutPanel:1499 - setPackage(No Configuration,No Configuration)
2024-12-05 21:41:18,484 [INFO] CADModel:165 - CPN selected for project level
2024-12-05 21:41:18,484 [INFO] CADModel:114 - Register for checkConnection events
2024-12-05 21:41:18,510 [INFO] IPUIPlugin:80 - create IPUIPlugin
2024-12-05 21:41:18,510 [INFO] PluginManager:220 - loadIPPluginJar : add adc
2024-12-05 21:41:18,552 [INFO] IPUIPlugin:80 - create IPUIPlugin
2024-12-05 21:41:18,552 [INFO] PluginManager:220 - loadIPPluginJar : add aes
2024-12-05 21:41:18,601 [INFO] IPUIPlugin:80 - create IPUIPlugin
2024-12-05 21:41:18,601 [INFO] PluginManager:220 - loadIPPluginJar : add can
2024-12-05 21:41:18,631 [INFO] IPUIPlugin:80 - create IPUIPlugin
2024-12-05 21:41:18,631 [INFO] PluginManager:220 - loadIPPluginJar : add comp
2024-12-05 21:41:18,669 [INFO] IPUIPlugin:80 - create IPUIPlugin
2024-12-05 21:41:18,669 [INFO] PluginManager:220 - loadIPPluginJar : add cryp
2024-12-05 21:41:18,705 [INFO] IPUIPlugin:80 - create IPUIPlugin
2024-12-05 21:41:18,705 [INFO] PluginManager:220 - loadIPPluginJar : add dfsdm
2024-12-05 21:41:18,719 [INFO] IPUIPlugin:80 - create IPUIPlugin
2024-12-05 21:41:18,720 [INFO] PluginManager:220 - loadIPPluginJar : add dma
2024-12-05 21:41:18,776 [INFO] IPUIPlugin:80 - create IPUIPlugin
2024-12-05 21:41:18,776 [INFO] PluginManager:220 - loadIPPluginJar : add dma3
2024-12-05 21:41:18,801 [INFO] IPUIPlugin:80 - create IPUIPlugin
2024-12-05 21:41:18,801 [INFO] PluginManager:220 - loadIPPluginJar : add fatfs
2024-12-05 21:41:18,856 [INFO] IPUIPlugin:80 - create IPUIPlugin
2024-12-05 21:41:18,857 [INFO] PluginManager:220 - loadIPPluginJar : add fmc
2024-12-05 21:41:18,871 [INFO] IPUIPlugin:80 - create IPUIPlugin
2024-12-05 21:41:18,871 [INFO] PluginManager:220 - loadIPPluginJar : add freertos
2024-12-05 21:41:18,894 [INFO] IPUIPlugin:80 - create IPUIPlugin
2024-12-05 21:41:18,894 [INFO] PluginManager:220 - loadIPPluginJar : add genericplugin
2024-12-05 21:41:19,004 [INFO] IPUIPlugin:80 - create IPUIPlugin
2024-12-05 21:41:19,005 [INFO] PluginManager:220 - loadIPPluginJar : add gfxmmu
2024-12-05 21:41:19,166 [INFO] IPUIPlugin:80 - create IPUIPlugin
2024-12-05 21:41:19,166 [INFO] PluginManager:220 - loadIPPluginJar : add gic
2024-12-05 21:41:19,181 [INFO] IPUIPlugin:80 - create IPUIPlugin
2024-12-05 21:41:19,181 [INFO] PluginManager:220 - loadIPPluginJar : add gpio
2024-12-05 21:41:19,295 [INFO] IPUIPlugin:80 - create IPUIPlugin
2024-12-05 21:41:19,295 [INFO] PluginManager:220 - loadIPPluginJar : add gtzc
2024-12-05 21:41:19,335 [INFO] IPUIPlugin:80 - create IPUIPlugin
2024-12-05 21:41:19,335 [INFO] PluginManager:220 - loadIPPluginJar : add hash
2024-12-05 21:41:19,396 [INFO] IPUIPlugin:80 - create IPUIPlugin
2024-12-05 21:41:19,396 [INFO] PluginManager:220 - loadIPPluginJar : add i2c
2024-12-05 21:41:19,443 [INFO] IPUIPlugin:80 - create IPUIPlugin
2024-12-05 21:41:19,443 [INFO] PluginManager:220 - loadIPPluginJar : add i2s
2024-12-05 21:41:19,491 [INFO] IPUIPlugin:80 - create IPUIPlugin
2024-12-05 21:41:19,491 [INFO] PluginManager:220 - loadIPPluginJar : add i3c
2024-12-05 21:41:19,619 [INFO] IPUIPlugin:80 - create IPUIPlugin
2024-12-05 21:41:19,947 [INFO] PluginManager:220 - loadIPPluginJar : add ipddr
2024-12-05 21:41:20,062 [INFO] IPUIPlugin:80 - create IPUIPlugin
2024-12-05 21:41:20,062 [INFO] PluginManager:220 - loadIPPluginJar : add linkedlist
2024-12-05 21:41:20,103 [INFO] IPUIPlugin:80 - create IPUIPlugin
2024-12-05 21:41:20,103 [INFO] PluginManager:220 - loadIPPluginJar : add lorawan
2024-12-05 21:41:20,149 [INFO] IPUIPlugin:80 - create IPUIPlugin
2024-12-05 21:41:20,149 [INFO] PluginManager:220 - loadIPPluginJar : add ltdc
2024-12-05 21:41:20,165 [INFO] IPUIPlugin:80 - create IPUIPlugin
2024-12-05 21:41:20,165 [INFO] PluginManager:220 - loadIPPluginJar : add mdma
2024-12-05 21:41:20,178 [INFO] IPUIPlugin:80 - create IPUIPlugin
2024-12-05 21:41:20,178 [INFO] PluginManager:220 - loadIPPluginJar : add nvic
2024-12-05 21:41:20,224 [INFO] IPUIPlugin:80 - create IPUIPlugin
2024-12-05 21:41:20,224 [INFO] PluginManager:220 - loadIPPluginJar : add opamp
2024-12-05 21:41:20,296 [INFO] IPUIPlugin:80 - create IPUIPlugin
2024-12-05 21:41:20,296 [INFO] PluginManager:220 - loadIPPluginJar : add openamp
2024-12-05 21:41:20,348 [INFO] IPUIPlugin:80 - create IPUIPlugin
2024-12-05 21:41:20,348 [INFO] PluginManager:220 - loadIPPluginJar : add pdm2pcm
2024-12-05 21:41:20,363 [INFO] IPUIPlugin:80 - create IPUIPlugin
2024-12-05 21:41:20,365 [INFO] PluginManager:220 - loadIPPluginJar : add plateformsettings
2024-12-05 21:41:20,391 [INFO] IPUIPlugin:80 - create IPUIPlugin
2024-12-05 21:41:20,391 [INFO] PluginManager:220 - loadIPPluginJar : add quadspi
2024-12-05 21:41:20,406 [INFO] IPUIPlugin:80 - create IPUIPlugin
2024-12-05 21:41:20,406 [INFO] PluginManager:220 - loadIPPluginJar : add resmgrutility
2024-12-05 21:41:20,468 [INFO] IPUIPlugin:80 - create IPUIPlugin
2024-12-05 21:41:20,468 [INFO] PluginManager:220 - loadIPPluginJar : add sai
2024-12-05 21:41:20,515 [INFO] IPUIPlugin:80 - create IPUIPlugin
2024-12-05 21:41:20,515 [INFO] PluginManager:220 - loadIPPluginJar : add spi
2024-12-05 21:41:20,583 [INFO] IPUIPlugin:80 - create IPUIPlugin
2024-12-05 21:41:20,583 [INFO] PluginManager:220 - loadIPPluginJar : add stm32_wpan
2024-12-05 21:41:20,611 [INFO] IPUIPlugin:80 - create IPUIPlugin
2024-12-05 21:41:20,611 [INFO] PluginManager:220 - loadIPPluginJar : add tim
2024-12-05 21:41:20,674 [INFO] IPUIPlugin:80 - create IPUIPlugin
2024-12-05 21:41:20,674 [INFO] PluginManager:220 - loadIPPluginJar : add touchsensing
2024-12-05 21:41:20,700 [INFO] IPUIPlugin:80 - create IPUIPlugin
2024-12-05 21:41:20,700 [INFO] PluginManager:220 - loadIPPluginJar : add tracer_emb
2024-12-05 21:41:20,729 [INFO] IPUIPlugin:80 - create IPUIPlugin
2024-12-05 21:41:20,729 [INFO] PluginManager:220 - loadIPPluginJar : add ts
2024-12-05 21:41:20,755 [INFO] IPUIPlugin:80 - create IPUIPlugin
2024-12-05 21:41:20,756 [INFO] PluginManager:220 - loadIPPluginJar : add tsc
2024-12-05 21:41:20,782 [INFO] ThirdPartyUpdaterWithRetryManager:70 - Updater plugin not ready yet. [2/15]
2024-12-05 21:41:20,782 [INFO] IPUIPlugin:80 - create IPUIPlugin
2024-12-05 21:41:20,782 [INFO] PluginManager:220 - loadIPPluginJar : add ucpd
2024-12-05 21:41:20,840 [INFO] IPUIPlugin:80 - create IPUIPlugin
2024-12-05 21:41:20,840 [INFO] PluginManager:220 - loadIPPluginJar : add usart
2024-12-05 21:41:20,892 [INFO] IPUIPlugin:80 - create IPUIPlugin
2024-12-05 21:41:20,892 [INFO] PluginManager:220 - loadIPPluginJar : add usbx
2024-12-05 21:41:21,026 [INFO] CADModel:165 - CPN selected for project level
2024-12-05 21:41:21,026 [INFO] CADModel:114 - Register for checkConnection events
2024-12-05 21:41:21,026 [FATAL] Updater:308 - Updater called before beeing initialized
2024-12-05 21:41:21,026 [ERROR] CADModel:125 - Updater not yet initialized, retry later 
2024-12-05 21:41:21,221 [INFO] CADModel:165 - CPN selected for project level
2024-12-05 21:41:21,221 [INFO] CADModel:114 - Register for checkConnection events
2024-12-05 21:41:21,221 [FATAL] Updater:308 - Updater called before beeing initialized
2024-12-05 21:41:21,221 [ERROR] CADModel:125 - Updater not yet initialized, retry later 
2024-12-05 21:41:21,226 [FATAL] Updater:308 - Updater called before beeing initialized
2024-12-05 21:41:21,347 [FATAL] Updater:308 - Updater called before beeing initialized
2024-12-05 21:41:21,365 [INFO] DbMcusAds:53 - JSON generation date=Fri Sep 20 16:04:23 TRT 2024 (1726837463121)
2024-12-05 21:41:21,365 [FATAL] Updater:308 - Updater called before beeing initialized
2024-12-05 21:41:21,471 [WARN] DetailPanel:346 - Failed to get advertising image, set to default
2024-12-05 21:41:21,618 [FATAL] Updater:308 - Updater called before beeing initialized
2024-12-05 21:41:21,621 [FATAL] Updater:308 - Updater called before beeing initialized
2024-12-05 21:41:21,621 [FATAL] Updater:308 - Updater called before beeing initialized
2024-12-05 21:41:21,621 [WARN] DetailPanel:346 - Failed to get advertising image, set to default
2024-12-05 21:41:21,622 [FATAL] Updater:308 - Updater called before beeing initialized
2024-12-05 21:41:21,699 [ERROR] Updater:1120 - MainUpdater not yet initialized. External WinMGr cannot be set.
2024-12-05 21:41:21,713 [INFO] Updater:1056 - Updater Version found : 6.9.1
2024-12-05 21:41:21,727 [INFO] ApplicationProperties:184 - Using Application install path: C:\ST\STM32CubeIDE_1.13.1\STM32CubeIDE\plugins\com.st.stm32cube.common.mx_6.9.1.202307191849
2024-12-05 21:41:22,016 [INFO] MainUpdater:2868 - connection check result : 10
2024-12-05 21:41:22,017 [INFO] MainUpdater:285 - Updater Check For Update Now.
2024-12-05 21:41:22,017 [INFO] MicroXplorer:498 - Change Database Version : DB.6.0.91
2024-12-05 21:41:22,038 [INFO] McuFinderGlobals:63 - Set McuFinder mode to 2 (CubeIDE integrated)
2024-12-05 21:41:22,285 [INFO] CheckServerUpdateThread:120 - End of CheckServer Thread
2024-12-05 21:41:23,993 [WARN] PackLoader:240 - Cannot read IP mode file for STMicroelectronics.FP-SNS-MOTENVWB1.1.4.0
2024-12-05 21:41:24,011 [WARN] PackLoader:240 - Cannot read IP mode file for STMicroelectronics.FP-ATR-ASTRA1.2.0.1
2024-12-05 21:41:24,032 [WARN] PackLoader:240 - Cannot read IP mode file for STMicroelectronics.X-CUBE-SMBUS.2.1.0
2024-12-05 21:41:24,054 [WARN] PackLoader:240 - Cannot read IP mode file for STMicroelectronics.X-CUBE-WB05N.1.1.0
2024-12-05 21:41:24,108 [WARN] PackLoader:240 - Cannot read IP mode file for STMicroelectronics.X-CUBE-AZRTOS-F7.1.1.0
2024-12-05 21:41:24,132 [WARN] PackLoader:240 - Cannot read IP mode file for STMicroelectronics.FP-SNS-MOTENV1.4.3.2
2024-12-05 21:41:24,234 [WARN] PackLoader:240 - Cannot read IP mode file for STMicroelectronics.X-CUBE-MEMS1.11.0.0
2024-12-05 21:41:24,422 [WARN] PackLoader:240 - Cannot read IP mode file for STMicroelectronics.FP-SNS-FLIGHT1.5.0.2
2024-12-05 21:41:24,448 [ERROR] Engine:466 - C:\Users\betul\.stm32cubemx\thirdparties\pdsc\Infineon.AIROC-Wi-Fi-Bluetooth-STM32.1.7.0.pdsc: PDSC version is not supported
2024-12-05 21:41:24,468 [WARN] PackLoader:240 - Cannot read IP mode file for STMicroelectronics.X-CUBE-DISPLAY.3.0.0
2024-12-05 21:41:24,488 [WARN] PackLoader:240 - Cannot read IP mode file for STMicroelectronics.X-CUBE-BLE1.7.0.0
2024-12-05 21:41:24,506 [WARN] PackLoader:240 - Cannot read IP mode file for STMicroelectronics.X-CUBE-NFC10.1.0.0
2024-12-05 21:41:24,525 [WARN] PackLoader:240 - Cannot read IP mode file for emotas.I-CUBE-CANOPEN.1.3.0
2024-12-05 21:41:24,542 [WARN] PackLoader:240 - Cannot read IP mode file for STMicroelectronics.X-CUBE-TOUCHGFX.4.22.0
2024-12-05 21:41:24,564 [WARN] PackLoader:240 - Cannot read IP mode file for STMicroelectronics.X-CUBE-BLEMGR.3.1.0
2024-12-05 21:41:24,581 [WARN] PackLoader:240 - Cannot read IP mode file for STMicroelectronics.FP-SNS-SMARTAG2.1.2.0
2024-12-05 21:41:24,606 [INFO] LogOutputStream:77 - [STDOUT_REDIRECT] 1 : Invalid condition id : UX_CORESTACK_Condition cause : null
2024-12-05 21:41:24,607 [INFO] LogOutputStream:77 - [STDOUT_REDIRECT] 1 : Invalid condition id : UX_CORESTACK_Condition cause : null
2024-12-05 21:41:24,608 [INFO] LogOutputStream:77 - [STDOUT_REDIRECT] 1 : Invalid condition id : UX_CORESTACK_Condition cause : null
2024-12-05 21:41:24,610 [INFO] LogOutputStream:77 - [STDOUT_REDIRECT] 1 : Invalid condition id : UX_CORESTACK_Condition cause : null
2024-12-05 21:41:24,611 [INFO] LogOutputStream:77 - [STDOUT_REDIRECT] 1 : Invalid condition id : UX_CORESTACK_Condition cause : null
2024-12-05 21:41:24,614 [WARN] PackLoader:240 - Cannot read IP mode file for STMicroelectronics.X-CUBE-AZRTOS-WL.2.0.0
2024-12-05 21:41:24,631 [WARN] PackLoader:240 - Cannot read IP mode file for STMicroelectronics.FP-SNS-MOTENV1.5.0.0
2024-12-05 21:41:24,647 [WARN] PackLoader:240 - Cannot read IP mode file for wolfSSL.I-CUBE-wolfMQTT.1.19.0
2024-12-05 21:41:24,665 [WARN] PackLoader:240 - Cannot read IP mode file for WES.I-CUBE-Cesium.1.3.0
2024-12-05 21:41:24,682 [WARN] PackLoader:240 - Cannot read IP mode file for STMicroelectronics.X-CUBE-BLE2.3.3.0
2024-12-05 21:41:24,699 [WARN] PackLoader:240 - Cannot read IP mode file for STMicroelectronics.X-CUBE-NFC9.1.0.0
2024-12-05 21:41:24,717 [WARN] PackLoader:240 - Cannot read IP mode file for STMicroelectronics.X-CUBE-TCPP.4.1.0
2024-12-05 21:41:24,740 [WARN] PackLoader:240 - Cannot read IP mode file for STMicroelectronics.X-CUBE-ALGOBUILD.1.3.0
2024-12-05 21:41:24,770 [WARN] PackLoader:240 - Cannot read IP mode file for STMicroelectronics.X-CUBE-AZRTOS-G0.1.1.0
2024-12-05 21:41:24,790 [WARN] PackLoader:240 - Cannot read IP mode file for STMicroelectronics.X-CUBE-SAFEA1.1.2.2
2024-12-05 21:41:24,809 [WARN] PackLoader:240 - Cannot read IP mode file for STMicroelectronics.X-CUBE-NFC4.3.0.0
2024-12-05 21:41:24,825 [ERROR] Engine:466 - C:\Users\betul\.stm32cubemx\thirdparties\pdsc\EmbeddedOffice.I-CUBE-FS-RTOS.1.0.1.pdsc: PDSC version is not supported
2024-12-05 21:41:24,839 [ERROR] Engine:466 - C:\Users\betul\.stm32cubemx\thirdparties\pdsc\RealThread.X-CUBE-RT-Thread_Nano.4.1.1.pdsc: PDSC version is not supported
2024-12-05 21:41:24,854 [WARN] PackLoader:240 - Cannot read IP mode file for STMicroelectronics.FP-ATR-SIGFOX1.3.2.0
2024-12-05 21:41:24,867 [ERROR] Engine:466 - C:\Users\betul\.stm32cubemx\thirdparties\pdsc\quantropi.X-CUBE-qispace-sdk-base.1.9.3.pdsc: PDSC version is not supported
2024-12-05 21:41:24,885 [WARN] PackLoader:240 - Cannot read IP mode file for STMicroelectronics.X-CUBE-EEPRMA1.5.1.0
2024-12-05 21:41:24,906 [WARN] PackLoader:240 - Cannot read IP mode file for ITTIA_DB.I-CUBE-ITTIADB.8.9.0
2024-12-05 21:41:24,951 [WARN] PackLoader:240 - Cannot read IP mode file for SEGGER.I-CUBE-embOS.1.3.1
2024-12-05 21:41:25,008 [WARN] PackLoader:240 - Cannot read IP mode file for STMicroelectronics.X-CUBE-ALGOBUILD.1.4.0
2024-12-05 21:41:25,026 [WARN] PackLoader:240 - Cannot read IP mode file for STMicroelectronics.X-CUBE-AI.9.1.0
2024-12-05 21:41:25,044 [WARN] PackLoader:240 - Cannot read IP mode file for STMicroelectronics.X-CUBE-GNSS1.6.0.0
2024-12-05 21:41:25,080 [WARN] PackLoader:240 - Cannot read IP mode file for STMicroelectronics.X-CUBE-AZRTOS-F4.1.1.0
2024-12-05 21:41:25,100 [WARN] PackLoader:240 - Cannot read IP mode file for wolfSSL.I-CUBE-wolfSSL.5.6.3
2024-12-05 21:41:25,116 [WARN] PackLoader:240 - Cannot read IP mode file for STMicroelectronics.X-CUBE-ISPU.2.1.0
2024-12-05 21:41:25,132 [WARN] PackLoader:240 - Cannot read IP mode file for STMicroelectronics.X-CUBE-FREERTOS.1.2.0
2024-12-05 21:41:25,164 [WARN] PackLoader:240 - Cannot read IP mode file for STMicroelectronics.X-CUBE-AZRTOS-L5.2.0.0
2024-12-05 21:41:25,224 [WARN] PackLoader:240 - Cannot read IP mode file for STMicroelectronics.X-CUBE-MEMS1.9.6.0
2024-12-05 21:41:25,362 [WARN] PackLoader:240 - Cannot read IP mode file for STMicroelectronics.X-CUBE-NFC6.3.1.0
2024-12-05 21:41:25,382 [WARN] PackLoader:240 - Cannot read IP mode file for STMicroelectronics.X-CUBE-BLEMGR.2.0.0
2024-12-05 21:41:25,397 [ERROR] Engine:466 - C:\Users\betul\.stm32cubemx\thirdparties\pdsc\STMicroelectronics.X-CUBE-DPower.1.2.0.pdsc: PDSC version is not supported
2024-12-05 21:41:25,429 [WARN] ConditionMgr:438 - getConditionDescription Invalid condition id : UX DEVICE CLASS RTOS Condition cause : null
2024-12-05 21:41:25,430 [WARN] ConditionMgr:438 - getConditionDescription Invalid condition id : UX DEVICE CLASS RTOS Condition cause : null
2024-12-05 21:41:25,432 [WARN] PackLoader:240 - Cannot read IP mode file for STMicroelectronics.X-CUBE-AZRTOS-H7.3.1.0
2024-12-05 21:41:25,434 [WARN] ConditionMgr:1039 - genDependencies : Invalid condition id : UX DEVICE CLASS RTOS Condition cause : null
2024-12-05 21:41:25,434 [WARN] ConditionMgr:1039 - genDependencies : Invalid condition id : UX DEVICE CLASS RTOS Condition cause : null
2024-12-05 21:41:25,434 [WARN] ConditionMgr:1039 - genDependencies : Invalid condition id : UX DEVICE CLASS RTOS Condition cause : null
2024-12-05 21:41:25,435 [WARN] ConditionMgr:1039 - genDependencies : Invalid condition id : UX DEVICE CLASS RTOS Condition cause : null
2024-12-05 21:41:25,435 [WARN] ConditionMgr:1039 - genDependencies : Invalid condition id : UX DEVICE CLASS RTOS Condition cause : null
2024-12-05 21:41:25,451 [WARN] PackLoader:240 - Cannot read IP mode file for STMicroelectronics.X-CUBE-NFC7.1.0.1
2024-12-05 21:41:25,470 [WARN] PackLoader:240 - Cannot read IP mode file for STMicroelectronics.X-CUBE-NFC6.3.0.0
2024-12-05 21:41:25,489 [WARN] PackLoader:240 - Cannot read IP mode file for STMicroelectronics.X-CUBE-EEPRMA1.4.1.0
2024-12-05 21:41:25,506 [WARN] PackLoader:240 - Cannot read IP mode file for STMicroelectronics.X-CUBE-AI.8.1.0
2024-12-05 21:41:25,539 [WARN] ConditionMgr:438 - getConditionDescription Invalid condition id : LAN8742 Phy interface Condition cause : null
2024-12-05 21:41:25,540 [WARN] PackLoader:240 - Cannot read IP mode file for STMicroelectronics.X-CUBE-AZRTOS-L4.2.0.0
2024-12-05 21:41:25,541 [WARN] ConditionMgr:1039 - genDependencies : Invalid condition id : LAN8742 Phy interface Condition cause : null
2024-12-05 21:41:25,541 [WARN] ConditionMgr:1039 - genDependencies : Invalid condition id : LAN8742 Phy interface Condition cause : null
2024-12-05 21:41:25,541 [WARN] ConditionMgr:1039 - genDependencies : Invalid condition id : LAN8742 Phy interface Condition cause : null
2024-12-05 21:41:25,561 [WARN] PackLoader:240 - Cannot read IP mode file for STMicroelectronics.X-CUBE-SFXS2LP1.4.0.0
2024-12-05 21:41:25,577 [WARN] PackLoader:240 - Cannot read IP mode file for STMicroelectronics.X-CUBE-ISPU.1.1.0
2024-12-05 21:41:25,608 [WARN] PackLoader:240 - Cannot read IP mode file for STMicroelectronics.X-CUBE-AZRTOS-H7.3.3.0
2024-12-05 21:41:25,626 [ERROR] Engine:466 - C:\Users\betul\.stm32cubemx\thirdparties\pdsc\STMicroelectronics.X-CUBE-IPS.3.0.0.pdsc: PDSC version is not supported
2024-12-05 21:41:25,664 [WARN] ConditionMgr:438 - getConditionDescription Invalid condition id : UX DEVICE CLASS RTOS Condition cause : null
2024-12-05 21:41:25,665 [WARN] ConditionMgr:438 - getConditionDescription Invalid condition id : UX DEVICE CLASS RTOS Condition cause : null
2024-12-05 21:41:25,668 [WARN] PackLoader:240 - Cannot read IP mode file for STMicroelectronics.X-CUBE-AZRTOS-WB.2.0.0
2024-12-05 21:41:25,668 [WARN] ConditionMgr:1039 - genDependencies : Invalid condition id : UX DEVICE CLASS RTOS Condition cause : null
2024-12-05 21:41:25,669 [WARN] ConditionMgr:1039 - genDependencies : Invalid condition id : UX DEVICE CLASS RTOS Condition cause : null
2024-12-05 21:41:25,669 [WARN] ConditionMgr:1039 - genDependencies : Invalid condition id : UX DEVICE CLASS RTOS Condition cause : null
2024-12-05 21:41:25,669 [WARN] ConditionMgr:1039 - genDependencies : Invalid condition id : UX DEVICE CLASS RTOS Condition cause : null
2024-12-05 21:41:25,669 [WARN] ConditionMgr:1039 - genDependencies : Invalid condition id : UX DEVICE CLASS RTOS Condition cause : null
2024-12-05 21:41:25,693 [WARN] PackLoader:240 - Cannot read IP mode file for STMicroelectronics.X-CUBE-GNSS1.7.0.0
2024-12-05 21:41:25,713 [ERROR] Engine:466 - C:\Users\betul\.stm32cubemx\thirdparties\pdsc\STMicroelectronics.FP-SNS-STBOX1.2.0.0.pdsc: PDSC version is not supported
2024-12-05 21:41:25,752 [WARN] PackLoader:240 - Cannot read IP mode file for STMicroelectronics.X-CUBE-SUBG2.5.0.0
2024-12-05 21:41:25,774 [WARN] PackLoader:240 - Cannot read IP mode file for Cesanta.I-CUBE-Mongoose.7.13.0
2024-12-05 21:41:25,799 [WARN] PackLoader:240 - Cannot read IP mode file for STMicroelectronics.X-CUBE-TOF1.3.3.1
2024-12-05 21:41:25,830 [WARN] PackLoader:240 - Cannot read IP mode file for STMicroelectronics.X-CUBE-AZRTOS-G4.2.0.0
2024-12-05 21:41:25,846 [WARN] PackLoader:240 - Cannot read IP mode file for STMicroelectronics.X-CUBE-ALS.1.0.2
2024-12-05 21:41:25,860 [WARN] PackLoader:240 - Cannot read IP mode file for STMicroelectronics.X-CUBE-FREERTOS.1.1.0
2024-12-05 21:41:25,875 [WARN] PackLoader:240 - Cannot read IP mode file for STMicroelectronics.X-CUBE-TOUCHGFX.4.24.1
2024-12-05 21:41:25,890 [WARN] PackLoader:240 - Cannot read IP mode file for wolfSSL.I-CUBE-wolfTPM.3.4.0
2024-12-05 21:41:25,909 [WARN] PackLoader:240 - Cannot read IP mode file for portGmbH.I-Cube-SoM-uGOAL.1.1.0
2024-12-05 21:41:25,922 [WARN] PackLoader:240 - Cannot read IP mode file for STMicroelectronics.X-CUBE-ALS.1.0.1
2024-12-05 21:41:25,956 [WARN] PackLoader:240 - Cannot read IP mode file for STMicroelectronics.X-CUBE-AZRTOS-H7RS.1.0.0
2024-12-05 21:41:25,973 [WARN] PackLoader:240 - Cannot read IP mode file for STMicroelectronics.FP-ATR-ASTRA1.2.0.0
2024-12-05 21:41:25,989 [ERROR] Engine:466 - C:\Users\betul\.stm32cubemx\thirdparties\pdsc\STMicroelectronics.X-CUBE-TOF1.3.4.2.pdsc: PDSC version is not supported
2024-12-05 21:41:26,002 [WARN] PackLoader:240 - Cannot read IP mode file for wolfSSL.I-CUBE-wolfSSH.1.4.17
2024-12-05 21:41:26,003 [INFO] ThirdParty:978 - Integrity check success = true
2024-12-05 21:41:26,003 [INFO] IntegrityCheckThread:100 - exiting critical section [integrity check]
2024-12-05 21:41:26,003 [INFO] IntegrityCheckThread:103 - End integrity checks thread
2024-12-05 21:41:43,499 [ERROR] LogOutputStream:75 - [STDERR_REDIRECT] SLF4J: Failed to load class "org.slf4j.impl.StaticLoggerBinder".
2024-12-05 21:41:43,499 [ERROR] LogOutputStream:75 - [STDERR_REDIRECT] SLF4J: Defaulting to no-operation (NOP) logger implementation
2024-12-05 21:41:43,505 [ERROR] LogOutputStream:75 - [STDERR_REDIRECT] SLF4J: See http://www.slf4j.org/codes.html#StaticLoggerBinder for further details.
2024-12-05 22:40:02,592 [INFO] Activator:176 - 


2024-12-05 22:40:02,594 [INFO] Activator:177 - !SESSION log4j initialized
2024-12-05 22:40:08,486 [INFO] LogOutputStream:77 - [STDOUT_REDIRECT] 
2024-12-05 22:40:09,506 [INFO] ApplicationProperties:184 - Using Application install path: C:\ST\STM32CubeIDE_1.13.1\STM32CubeIDE\plugins\com.st.stm32cube.common.mx_6.9.1.202307191849
2024-12-05 22:40:09,525 [INFO] DbMcusXml:78 - Set database path to: C:\ST\STM32CubeIDE_1.13.1\STM32CubeIDE\plugins\com.st.stm32cube.common.mx_6.9.1.202307191849\\db\/mcu/
2024-12-05 22:40:09,525 [INFO] ApiDb:274 - Set plugin database path to: C:\ST\STM32CubeIDE_1.13.1\STM32CubeIDE\plugins\com.st.stm32cube.common.mx_6.9.1.202307191849\\db\/plugins/boardmanager/
2024-12-05 22:40:09,526 [WARN] ApiDb:259 - Overriding images path with different value:  => C:\ST\STM32CubeIDE_1.13.1\STM32CubeIDE\plugins\com.st.stm32cube.common.mx_6.9.1.202307191849\\db\/plugins/mcufinder/images/
2024-12-05 22:40:09,543 [INFO] ApiDb:250 - Set database path to: C:\Users\betul\.stmcufinder\plugins\mcufinder//mcu/
2024-12-05 22:40:09,544 [INFO] DbMcusAds:125 - Set database path to: C:\Users\betul\.stmcufinder\plugins\mcufinder//mcu/
2024-12-05 22:40:09,548 [INFO] CrossReferenceDbSqlite:203 - Set database path to: C:\Users\betul\.stmcufinder\plugins\mcufinder//mcu/cs/
2024-12-05 22:40:09,717 [INFO] RulesReader:64 - Compatibility file has been processed (293 Rules)
2024-12-05 22:40:09,823 [INFO] DbMcusXml:78 - Set database path to: C:\ST\STM32CubeIDE_1.13.1\STM32CubeIDE\plugins\com.st.stm32cube.common.mx_6.9.1.202307191849\\db\/mcu/
2024-12-05 22:40:09,824 [INFO] ApiDb:274 - Set plugin database path to: C:\ST\STM32CubeIDE_1.13.1\STM32CubeIDE\plugins\com.st.stm32cube.common.mx_6.9.1.202307191849\\db\/plugins/boardmanager/
2024-12-05 22:40:09,824 [INFO] ApiDb:261 - Set plugin images path to: C:\ST\STM32CubeIDE_1.13.1\STM32CubeIDE\plugins\com.st.stm32cube.common.mx_6.9.1.202307191849\\db\/plugins/mcufinder/images/
2024-12-05 22:40:09,824 [WARN] DbFile:41 - Overriding database path with different value: C:\Users\betul\.stmcufinder\plugins\mcufinder/ => C:\Users\betul\.stmcufinder\plugins\mcufinder
2024-12-05 22:40:09,824 [INFO] ApiDb:250 - Set database path to: C:\Users\betul\.stmcufinder\plugins\mcufinder//mcu/
2024-12-05 22:40:09,825 [WARN] DbFile:41 - Overriding database path with different value: C:\Users\betul\.stmcufinder\plugins\mcufinder/ => C:\Users\betul\.stmcufinder\plugins\mcufinder
2024-12-05 22:40:09,825 [INFO] DbMcusAds:125 - Set database path to: C:\Users\betul\.stmcufinder\plugins\mcufinder//mcu/
2024-12-05 22:40:09,825 [WARN] DbFile:41 - Overriding database path with different value: C:\Users\betul\.stmcufinder\plugins\mcufinder/ => C:\Users\betul\.stmcufinder\plugins\mcufinder
2024-12-05 22:40:09,825 [WARN] DbFile:41 - Overriding database path with different value: C:\Users\betul\.stmcufinder\plugins\mcufinder/ => C:\Users\betul\.stmcufinder\plugins\mcufinder
2024-12-05 22:40:09,825 [INFO] CrossReferenceDbSqlite:203 - Set database path to: C:\Users\betul\.stmcufinder\plugins\mcufinder//mcu/cs/
2024-12-05 22:40:09,922 [INFO] MainPanel:262 - HeapMemory: 268435456
2024-12-05 22:40:10,018 [INFO] DbMcusXml:78 - Set database path to: C:\ST\STM32CubeIDE_1.13.1\STM32CubeIDE\plugins\com.st.stm32cube.common.mx_6.9.1.202307191849\\db\/mcu/
2024-12-05 22:40:10,018 [INFO] ApiDb:274 - Set plugin database path to: C:\ST\STM32CubeIDE_1.13.1\STM32CubeIDE\plugins\com.st.stm32cube.common.mx_6.9.1.202307191849\\db\/plugins/boardmanager/
2024-12-05 22:40:10,018 [INFO] ApiDb:261 - Set plugin images path to: C:\ST\STM32CubeIDE_1.13.1\STM32CubeIDE\plugins\com.st.stm32cube.common.mx_6.9.1.202307191849\\db\/plugins/mcufinder/images/
2024-12-05 22:40:10,019 [WARN] DbFile:41 - Overriding database path with different value: C:\Users\betul\.stmcufinder\plugins\mcufinder/ => C:\Users\betul\.stmcufinder\plugins\mcufinder
2024-12-05 22:40:10,019 [INFO] ApiDb:250 - Set database path to: C:\Users\betul\.stmcufinder\plugins\mcufinder//mcu/
2024-12-05 22:40:10,019 [WARN] DbFile:41 - Overriding database path with different value: C:\Users\betul\.stmcufinder\plugins\mcufinder/ => C:\Users\betul\.stmcufinder\plugins\mcufinder
2024-12-05 22:40:10,019 [INFO] DbMcusAds:125 - Set database path to: C:\Users\betul\.stmcufinder\plugins\mcufinder//mcu/
2024-12-05 22:40:10,020 [WARN] DbFile:41 - Overriding database path with different value: C:\Users\betul\.stmcufinder\plugins\mcufinder/ => C:\Users\betul\.stmcufinder\plugins\mcufinder
2024-12-05 22:40:10,020 [WARN] DbFile:41 - Overriding database path with different value: C:\Users\betul\.stmcufinder\plugins\mcufinder/ => C:\Users\betul\.stmcufinder\plugins\mcufinder
2024-12-05 22:40:10,020 [INFO] CrossReferenceDbSqlite:203 - Set database path to: C:\Users\betul\.stmcufinder\plugins\mcufinder//mcu/cs/
2024-12-05 22:40:10,041 [INFO] ApplicationProperties:184 - Using Application install path: C:\ST\STM32CubeIDE_1.13.1\STM32CubeIDE\plugins\com.st.stm32cube.common.mx_6.9.1.202307191849
2024-12-05 22:40:10,044 [INFO] PluginManage:196 - Search for loadable plugins [exclusion list=, ]
2024-12-05 22:40:10,046 [INFO] PluginManage:310 - Check plugin analytics
2024-12-05 22:40:10,291 [INFO] AnalyticsPlugin:253 - Accepted Software Licenses: 
2024-12-05 22:40:10,292 [INFO] AnalyticsPlugin:255 - Accepted CMSIS Pack Licenses: 
2024-12-05 22:40:10,292 [INFO] AnalyticsPlugin:257 - Accepted Firmware Licenses: FW.F4.1.27.0
2024-12-05 22:40:10,297 [INFO] PluginManage:359 - Loaded plugin analytics (category:tool,tabindex:-1)
2024-12-05 22:40:10,298 [INFO] PluginManage:310 - Check plugin cadmodel
2024-12-05 22:40:10,303 [INFO] CADModel:105 - Init CAD model plugin
2024-12-05 22:40:10,303 [INFO] PluginManage:359 - Loaded plugin cadmodel (category:power,tabindex:5)
2024-12-05 22:40:10,303 [INFO] PluginManage:310 - Check plugin clock
2024-12-05 22:40:10,315 [INFO] PluginManage:359 - Loaded plugin clock (category:base,tabindex:2)
2024-12-05 22:40:10,315 [INFO] PluginManage:310 - Check plugin ddr
2024-12-05 22:40:10,317 [INFO] PluginManage:359 - Loaded plugin ddr (category:tool,tabindex:6)
2024-12-05 22:40:10,318 [INFO] PluginManage:310 - Check plugin filemanager
2024-12-05 22:40:10,520 [INFO] PluginManage:359 - Loaded plugin filemanager (category:base,tabindex:10)
2024-12-05 22:40:10,520 [INFO] PluginManage:310 - Check plugin ipmanager
2024-12-05 22:40:10,529 [INFO] PluginManage:359 - Loaded plugin ipmanager (category:base,tabindex:5)
2024-12-05 22:40:10,529 [INFO] PluginManage:310 - Check plugin lpbam
2024-12-05 22:40:10,538 [INFO] PluginManage:359 - Loaded plugin lpbam (category:base,tabindex:0)
2024-12-05 22:40:10,538 [INFO] PluginManage:310 - Check plugin memorymap
2024-12-05 22:40:10,551 [INFO] PluginManage:359 - Loaded plugin memorymap (category:base,tabindex:4)
2024-12-05 22:40:10,551 [INFO] PluginManage:310 - Check plugin pinoutandconfiguration
2024-12-05 22:40:10,560 [INFO] PluginManage:359 - Loaded plugin pinoutandconfiguration (category:base,tabindex:1)
2024-12-05 22:40:10,561 [INFO] PluginManage:310 - Check plugin pinoutconfig
2024-12-05 22:40:10,667 [WARN] SupportedApi:132 - Cannot load RTOS API schema: s4s-elt-must-match.1: The content of 'definitions' must match (annotation?, (simpleType | complexType)?, (unique | key | keyref)*)). A problem was found starting at: attribute.
2024-12-05 22:40:10,845 [INFO] PluginManage:359 - Loaded plugin pinoutconfig (category:base,tabindex:0)
2024-12-05 22:40:10,846 [INFO] PluginManage:310 - Check plugin power
2024-12-05 22:40:10,855 [INFO] PluginManage:359 - Loaded plugin power (category:power,tabindex:4)
2024-12-05 22:40:10,856 [INFO] PluginManage:310 - Check plugin projectmanager
2024-12-05 22:40:10,883 [INFO] PluginManage:359 - Loaded plugin projectmanager (category:projectmanager,tabindex:3)
2024-12-05 22:40:10,883 [INFO] PluginManage:310 - Check plugin thirdparty
2024-12-05 22:40:11,041 [INFO] PluginManage:359 - Loaded plugin thirdparty (category:base,tabindex:-1)
2024-12-05 22:40:11,041 [INFO] PluginManage:310 - Check plugin tools
2024-12-05 22:40:11,041 [WARN] IntegrityCheckThread:84 - waiting for thirdparty lock release [integrity check]
2024-12-05 22:40:11,041 [INFO] IntegrityCheckThread:86 - entering critical section [integrity check]
2024-12-05 22:40:11,042 [INFO] ThirdPartyUpdaterWithRetryManager:70 - Updater plugin not ready yet. [1/15]
2024-12-05 22:40:11,044 [INFO] PluginManage:359 - Loaded plugin tools (category:base,tabindex:7)
2024-12-05 22:40:11,044 [INFO] PluginManage:310 - Check plugin tutovideos
2024-12-05 22:40:11,248 [INFO] PluginManage:359 - Loaded plugin tutovideos (category:base,tabindex:-1)
2024-12-05 22:40:11,248 [INFO] PluginManage:310 - Check plugin updater
2024-12-05 22:40:11,260 [INFO] PluginManage:359 - Loaded plugin updater (category:base,tabindex:12)
2024-12-05 22:40:11,260 [INFO] PluginManage:310 - Check plugin userauth
2024-12-05 22:40:11,265 [INFO] UserAuth:113 - Init User Auth plugin
2024-12-05 22:40:11,265 [INFO] PluginManage:359 - Loaded plugin userauth (category:base,tabindex:14)
2024-12-05 22:40:11,265 [INFO] PluginManage:283 - PluginManage : Loaded plugins [17]
2024-12-05 22:40:11,479 [INFO] PinOutPanel:1499 - setPackage(No Configuration,No Configuration)
2024-12-05 22:40:11,587 [INFO] CADModel:165 - CPN selected for project level
2024-12-05 22:40:11,587 [INFO] CADModel:114 - Register for checkConnection events
2024-12-05 22:40:11,601 [INFO] IPUIPlugin:80 - create IPUIPlugin
2024-12-05 22:40:11,602 [INFO] PluginManager:220 - loadIPPluginJar : add adc
2024-12-05 22:40:11,604 [INFO] IPUIPlugin:80 - create IPUIPlugin
2024-12-05 22:40:11,604 [INFO] PluginManager:220 - loadIPPluginJar : add aes
2024-12-05 22:40:11,607 [INFO] IPUIPlugin:80 - create IPUIPlugin
2024-12-05 22:40:11,607 [INFO] PluginManager:220 - loadIPPluginJar : add can
2024-12-05 22:40:11,608 [INFO] IPUIPlugin:80 - create IPUIPlugin
2024-12-05 22:40:11,609 [INFO] PluginManager:220 - loadIPPluginJar : add comp
2024-12-05 22:40:11,611 [INFO] IPUIPlugin:80 - create IPUIPlugin
2024-12-05 22:40:11,611 [INFO] PluginManager:220 - loadIPPluginJar : add cryp
2024-12-05 22:40:11,614 [INFO] IPUIPlugin:80 - create IPUIPlugin
2024-12-05 22:40:11,614 [INFO] PluginManager:220 - loadIPPluginJar : add dfsdm
2024-12-05 22:40:11,618 [INFO] IPUIPlugin:80 - create IPUIPlugin
2024-12-05 22:40:11,619 [INFO] PluginManager:220 - loadIPPluginJar : add dma
2024-12-05 22:40:11,622 [INFO] IPUIPlugin:80 - create IPUIPlugin
2024-12-05 22:40:11,623 [INFO] PluginManager:220 - loadIPPluginJar : add dma3
2024-12-05 22:40:11,624 [INFO] IPUIPlugin:80 - create IPUIPlugin
2024-12-05 22:40:11,624 [INFO] PluginManager:220 - loadIPPluginJar : add fatfs
2024-12-05 22:40:11,628 [INFO] IPUIPlugin:80 - create IPUIPlugin
2024-12-05 22:40:11,628 [INFO] PluginManager:220 - loadIPPluginJar : add fmc
2024-12-05 22:40:11,633 [INFO] IPUIPlugin:80 - create IPUIPlugin
2024-12-05 22:40:11,633 [INFO] PluginManager:220 - loadIPPluginJar : add freertos
2024-12-05 22:40:11,634 [INFO] IPUIPlugin:80 - create IPUIPlugin
2024-12-05 22:40:11,634 [INFO] PluginManager:220 - loadIPPluginJar : add genericplugin
2024-12-05 22:40:11,636 [INFO] IPUIPlugin:80 - create IPUIPlugin
2024-12-05 22:40:11,636 [INFO] PluginManager:220 - loadIPPluginJar : add gfxmmu
2024-12-05 22:40:11,641 [INFO] IPUIPlugin:80 - create IPUIPlugin
2024-12-05 22:40:11,642 [INFO] PluginManager:220 - loadIPPluginJar : add gic
2024-12-05 22:40:11,646 [INFO] IPUIPlugin:80 - create IPUIPlugin
2024-12-05 22:40:11,646 [INFO] PluginManager:220 - loadIPPluginJar : add gpio
2024-12-05 22:40:11,649 [INFO] IPUIPlugin:80 - create IPUIPlugin
2024-12-05 22:40:11,649 [INFO] PluginManager:220 - loadIPPluginJar : add gtzc
2024-12-05 22:40:11,652 [INFO] IPUIPlugin:80 - create IPUIPlugin
2024-12-05 22:40:11,653 [INFO] PluginManager:220 - loadIPPluginJar : add hash
2024-12-05 22:40:11,655 [INFO] IPUIPlugin:80 - create IPUIPlugin
2024-12-05 22:40:11,656 [INFO] PluginManager:220 - loadIPPluginJar : add i2c
2024-12-05 22:40:11,658 [INFO] IPUIPlugin:80 - create IPUIPlugin
2024-12-05 22:40:11,659 [INFO] PluginManager:220 - loadIPPluginJar : add i2s
2024-12-05 22:40:11,662 [INFO] IPUIPlugin:80 - create IPUIPlugin
2024-12-05 22:40:11,662 [INFO] PluginManager:220 - loadIPPluginJar : add i3c
2024-12-05 22:40:11,665 [INFO] IPUIPlugin:80 - create IPUIPlugin
2024-12-05 22:40:11,666 [INFO] PluginManager:220 - loadIPPluginJar : add ipddr
2024-12-05 22:40:11,672 [INFO] IPUIPlugin:80 - create IPUIPlugin
2024-12-05 22:40:11,672 [INFO] PluginManager:220 - loadIPPluginJar : add linkedlist
2024-12-05 22:40:11,676 [INFO] IPUIPlugin:80 - create IPUIPlugin
2024-12-05 22:40:11,677 [INFO] PluginManager:220 - loadIPPluginJar : add lorawan
2024-12-05 22:40:11,679 [INFO] IPUIPlugin:80 - create IPUIPlugin
2024-12-05 22:40:11,679 [INFO] PluginManager:220 - loadIPPluginJar : add ltdc
2024-12-05 22:40:11,685 [INFO] IPUIPlugin:80 - create IPUIPlugin
2024-12-05 22:40:11,685 [INFO] PluginManager:220 - loadIPPluginJar : add mdma
2024-12-05 22:40:11,689 [INFO] IPUIPlugin:80 - create IPUIPlugin
2024-12-05 22:40:11,690 [INFO] PluginManager:220 - loadIPPluginJar : add nvic
2024-12-05 22:40:11,693 [INFO] IPUIPlugin:80 - create IPUIPlugin
2024-12-05 22:40:11,693 [INFO] PluginManager:220 - loadIPPluginJar : add opamp
2024-12-05 22:40:11,696 [INFO] IPUIPlugin:80 - create IPUIPlugin
2024-12-05 22:40:11,696 [INFO] PluginManager:220 - loadIPPluginJar : add openamp
2024-12-05 22:40:11,699 [INFO] IPUIPlugin:80 - create IPUIPlugin
2024-12-05 22:40:11,699 [INFO] PluginManager:220 - loadIPPluginJar : add pdm2pcm
2024-12-05 22:40:11,705 [INFO] IPUIPlugin:80 - create IPUIPlugin
2024-12-05 22:40:11,708 [INFO] PluginManager:220 - loadIPPluginJar : add plateformsettings
2024-12-05 22:40:11,710 [INFO] IPUIPlugin:80 - create IPUIPlugin
2024-12-05 22:40:11,710 [INFO] PluginManager:220 - loadIPPluginJar : add quadspi
2024-12-05 22:40:11,713 [INFO] IPUIPlugin:80 - create IPUIPlugin
2024-12-05 22:40:11,713 [INFO] PluginManager:220 - loadIPPluginJar : add resmgrutility
2024-12-05 22:40:11,716 [INFO] IPUIPlugin:80 - create IPUIPlugin
2024-12-05 22:40:11,716 [INFO] PluginManager:220 - loadIPPluginJar : add sai
2024-12-05 22:40:11,719 [INFO] IPUIPlugin:80 - create IPUIPlugin
2024-12-05 22:40:11,719 [INFO] PluginManager:220 - loadIPPluginJar : add spi
2024-12-05 22:40:11,724 [INFO] IPUIPlugin:80 - create IPUIPlugin
2024-12-05 22:40:11,724 [INFO] PluginManager:220 - loadIPPluginJar : add stm32_wpan
2024-12-05 22:40:11,726 [INFO] IPUIPlugin:80 - create IPUIPlugin
2024-12-05 22:40:11,726 [INFO] PluginManager:220 - loadIPPluginJar : add tim
2024-12-05 22:40:11,729 [INFO] IPUIPlugin:80 - create IPUIPlugin
2024-12-05 22:40:11,730 [INFO] PluginManager:220 - loadIPPluginJar : add touchsensing
2024-12-05 22:40:11,732 [INFO] IPUIPlugin:80 - create IPUIPlugin
2024-12-05 22:40:11,732 [INFO] PluginManager:220 - loadIPPluginJar : add tracer_emb
2024-12-05 22:40:11,734 [INFO] IPUIPlugin:80 - create IPUIPlugin
2024-12-05 22:40:11,734 [INFO] PluginManager:220 - loadIPPluginJar : add ts
2024-12-05 22:40:11,736 [INFO] IPUIPlugin:80 - create IPUIPlugin
2024-12-05 22:40:11,736 [INFO] PluginManager:220 - loadIPPluginJar : add tsc
2024-12-05 22:40:11,738 [INFO] IPUIPlugin:80 - create IPUIPlugin
2024-12-05 22:40:11,738 [INFO] PluginManager:220 - loadIPPluginJar : add ucpd
2024-12-05 22:40:11,742 [INFO] IPUIPlugin:80 - create IPUIPlugin
2024-12-05 22:40:11,742 [INFO] PluginManager:220 - loadIPPluginJar : add usart
2024-12-05 22:40:11,745 [INFO] IPUIPlugin:80 - create IPUIPlugin
2024-12-05 22:40:11,745 [INFO] PluginManager:220 - loadIPPluginJar : add usbx
2024-12-05 22:40:11,876 [INFO] CADModel:165 - CPN selected for project level
2024-12-05 22:40:11,876 [INFO] CADModel:114 - Register for checkConnection events
2024-12-05 22:40:11,877 [FATAL] Updater:308 - Updater called before beeing initialized
2024-12-05 22:40:11,877 [ERROR] CADModel:125 - Updater not yet initialized, retry later 
2024-12-05 22:40:12,024 [INFO] CADModel:165 - CPN selected for project level
2024-12-05 22:40:12,025 [INFO] CADModel:114 - Register for checkConnection events
2024-12-05 22:40:12,025 [FATAL] Updater:308 - Updater called before beeing initialized
2024-12-05 22:40:12,025 [ERROR] CADModel:125 - Updater not yet initialized, retry later 
2024-12-05 22:40:12,028 [FATAL] Updater:308 - Updater called before beeing initialized
2024-12-05 22:40:12,128 [FATAL] Updater:308 - Updater called before beeing initialized
2024-12-05 22:40:12,133 [INFO] DbMcusAds:53 - JSON generation date=Fri Sep 20 16:04:23 TRT 2024 (1726837463121)
2024-12-05 22:40:12,133 [FATAL] Updater:308 - Updater called before beeing initialized
2024-12-05 22:40:12,168 [WARN] DetailPanel:346 - Failed to get advertising image, set to default
2024-12-05 22:40:12,273 [FATAL] Updater:308 - Updater called before beeing initialized
2024-12-05 22:40:12,276 [FATAL] Updater:308 - Updater called before beeing initialized
2024-12-05 22:40:12,276 [FATAL] Updater:308 - Updater called before beeing initialized
2024-12-05 22:40:12,276 [WARN] DetailPanel:346 - Failed to get advertising image, set to default
2024-12-05 22:40:12,277 [FATAL] Updater:308 - Updater called before beeing initialized
2024-12-05 22:40:12,323 [ERROR] Updater:1120 - MainUpdater not yet initialized. External WinMGr cannot be set.
2024-12-05 22:40:12,325 [INFO] Updater:1056 - Updater Version found : 6.9.1
2024-12-05 22:40:12,342 [INFO] ApplicationProperties:184 - Using Application install path: C:\ST\STM32CubeIDE_1.13.1\STM32CubeIDE\plugins\com.st.stm32cube.common.mx_6.9.1.202307191849
2024-12-05 22:40:13,502 [INFO] MainUpdater:2868 - connection check result : 10
2024-12-05 22:40:13,503 [INFO] MainUpdater:285 - Updater Check For Update Now.
2024-12-05 22:40:13,504 [INFO] MicroXplorer:498 - Change Database Version : DB.6.0.91
2024-12-05 22:40:13,511 [INFO] McuFinderGlobals:63 - Set McuFinder mode to 2 (CubeIDE integrated)
2024-12-05 22:40:13,764 [INFO] CheckServerUpdateThread:120 - End of CheckServer Thread
2024-12-05 22:40:14,297 [WARN] PackLoader:240 - Cannot read IP mode file for STMicroelectronics.FP-SNS-MOTENVWB1.1.4.0
2024-12-05 22:40:14,309 [WARN] PackLoader:240 - Cannot read IP mode file for STMicroelectronics.FP-ATR-ASTRA1.2.0.1
2024-12-05 22:40:14,316 [WARN] PackLoader:240 - Cannot read IP mode file for STMicroelectronics.X-CUBE-SMBUS.2.1.0
2024-12-05 22:40:14,327 [WARN] PackLoader:240 - Cannot read IP mode file for STMicroelectronics.X-CUBE-WB05N.1.1.0
2024-12-05 22:40:14,369 [WARN] PackLoader:240 - Cannot read IP mode file for STMicroelectronics.X-CUBE-AZRTOS-F7.1.1.0
2024-12-05 22:40:14,382 [WARN] PackLoader:240 - Cannot read IP mode file for STMicroelectronics.FP-SNS-MOTENV1.4.3.2
2024-12-05 22:40:14,471 [WARN] PackLoader:240 - Cannot read IP mode file for STMicroelectronics.X-CUBE-MEMS1.11.0.0
2024-12-05 22:40:14,676 [WARN] PackLoader:240 - Cannot read IP mode file for STMicroelectronics.FP-SNS-FLIGHT1.5.0.2
2024-12-05 22:40:14,685 [ERROR] Engine:466 - C:\Users\betul\.stm32cubemx\thirdparties\pdsc\Infineon.AIROC-Wi-Fi-Bluetooth-STM32.1.7.0.pdsc: PDSC version is not supported
2024-12-05 22:40:14,693 [WARN] PackLoader:240 - Cannot read IP mode file for STMicroelectronics.X-CUBE-DISPLAY.3.0.0
2024-12-05 22:40:14,702 [WARN] PackLoader:240 - Cannot read IP mode file for STMicroelectronics.X-CUBE-BLE1.7.0.0
2024-12-05 22:40:14,709 [WARN] PackLoader:240 - Cannot read IP mode file for STMicroelectronics.X-CUBE-NFC10.1.0.0
2024-12-05 22:40:14,718 [WARN] PackLoader:240 - Cannot read IP mode file for emotas.I-CUBE-CANOPEN.1.3.0
2024-12-05 22:40:14,723 [WARN] PackLoader:240 - Cannot read IP mode file for STMicroelectronics.X-CUBE-TOUCHGFX.4.22.0
2024-12-05 22:40:14,731 [WARN] PackLoader:240 - Cannot read IP mode file for STMicroelectronics.X-CUBE-BLEMGR.3.1.0
2024-12-05 22:40:14,739 [WARN] PackLoader:240 - Cannot read IP mode file for STMicroelectronics.FP-SNS-SMARTAG2.1.2.0
2024-12-05 22:40:14,748 [INFO] LogOutputStream:77 - [STDOUT_REDIRECT] 1 : Invalid condition id : UX_CORESTACK_Condition cause : null
2024-12-05 22:40:14,748 [INFO] LogOutputStream:77 - [STDOUT_REDIRECT] 1 : Invalid condition id : UX_CORESTACK_Condition cause : null
2024-12-05 22:40:14,750 [INFO] LogOutputStream:77 - [STDOUT_REDIRECT] 1 : Invalid condition id : UX_CORESTACK_Condition cause : null
2024-12-05 22:40:14,751 [INFO] LogOutputStream:77 - [STDOUT_REDIRECT] 1 : Invalid condition id : UX_CORESTACK_Condition cause : null
2024-12-05 22:40:14,752 [INFO] LogOutputStream:77 - [STDOUT_REDIRECT] 1 : Invalid condition id : UX_CORESTACK_Condition cause : null
2024-12-05 22:40:14,755 [WARN] PackLoader:240 - Cannot read IP mode file for STMicroelectronics.X-CUBE-AZRTOS-WL.2.0.0
2024-12-05 22:40:14,761 [WARN] PackLoader:240 - Cannot read IP mode file for STMicroelectronics.FP-SNS-MOTENV1.5.0.0
2024-12-05 22:40:14,767 [WARN] PackLoader:240 - Cannot read IP mode file for wolfSSL.I-CUBE-wolfMQTT.1.19.0
2024-12-05 22:40:14,774 [WARN] PackLoader:240 - Cannot read IP mode file for WES.I-CUBE-Cesium.1.3.0
2024-12-05 22:40:14,778 [WARN] PackLoader:240 - Cannot read IP mode file for STMicroelectronics.X-CUBE-BLE2.3.3.0
2024-12-05 22:40:14,783 [WARN] PackLoader:240 - Cannot read IP mode file for STMicroelectronics.X-CUBE-NFC9.1.0.0
2024-12-05 22:40:14,791 [WARN] PackLoader:240 - Cannot read IP mode file for STMicroelectronics.X-CUBE-TCPP.4.1.0
2024-12-05 22:40:14,799 [WARN] PackLoader:240 - Cannot read IP mode file for STMicroelectronics.X-CUBE-ALGOBUILD.1.3.0
2024-12-05 22:40:14,814 [WARN] PackLoader:240 - Cannot read IP mode file for STMicroelectronics.X-CUBE-AZRTOS-G0.1.1.0
2024-12-05 22:40:14,820 [WARN] PackLoader:240 - Cannot read IP mode file for STMicroelectronics.X-CUBE-SAFEA1.1.2.2
2024-12-05 22:40:14,825 [WARN] PackLoader:240 - Cannot read IP mode file for STMicroelectronics.X-CUBE-NFC4.3.0.0
2024-12-05 22:40:14,828 [ERROR] Engine:466 - C:\Users\betul\.stm32cubemx\thirdparties\pdsc\EmbeddedOffice.I-CUBE-FS-RTOS.1.0.1.pdsc: PDSC version is not supported
2024-12-05 22:40:14,830 [ERROR] Engine:466 - C:\Users\betul\.stm32cubemx\thirdparties\pdsc\RealThread.X-CUBE-RT-Thread_Nano.4.1.1.pdsc: PDSC version is not supported
2024-12-05 22:40:14,833 [WARN] PackLoader:240 - Cannot read IP mode file for STMicroelectronics.FP-ATR-SIGFOX1.3.2.0
2024-12-05 22:40:14,835 [ERROR] Engine:466 - C:\Users\betul\.stm32cubemx\thirdparties\pdsc\quantropi.X-CUBE-qispace-sdk-base.1.9.3.pdsc: PDSC version is not supported
2024-12-05 22:40:14,840 [WARN] PackLoader:240 - Cannot read IP mode file for STMicroelectronics.X-CUBE-EEPRMA1.5.1.0
2024-12-05 22:40:14,858 [WARN] PackLoader:240 - Cannot read IP mode file for ITTIA_DB.I-CUBE-ITTIADB.8.9.0
2024-12-05 22:40:14,895 [WARN] PackLoader:240 - Cannot read IP mode file for SEGGER.I-CUBE-embOS.1.3.1
2024-12-05 22:40:14,969 [WARN] PackLoader:240 - Cannot read IP mode file for STMicroelectronics.X-CUBE-ALGOBUILD.1.4.0
2024-12-05 22:40:14,974 [WARN] PackLoader:240 - Cannot read IP mode file for STMicroelectronics.X-CUBE-AI.9.1.0
2024-12-05 22:40:14,980 [WARN] PackLoader:240 - Cannot read IP mode file for STMicroelectronics.X-CUBE-GNSS1.6.0.0
2024-12-05 22:40:14,995 [WARN] PackLoader:240 - Cannot read IP mode file for STMicroelectronics.X-CUBE-AZRTOS-F4.1.1.0
2024-12-05 22:40:15,002 [WARN] PackLoader:240 - Cannot read IP mode file for wolfSSL.I-CUBE-wolfSSL.5.6.3
2024-12-05 22:40:15,005 [WARN] PackLoader:240 - Cannot read IP mode file for STMicroelectronics.X-CUBE-ISPU.2.1.0
2024-12-05 22:40:15,010 [WARN] PackLoader:240 - Cannot read IP mode file for STMicroelectronics.X-CUBE-FREERTOS.1.2.0
2024-12-05 22:40:15,023 [WARN] PackLoader:240 - Cannot read IP mode file for STMicroelectronics.X-CUBE-AZRTOS-L5.2.0.0
2024-12-05 22:40:15,058 [WARN] PackLoader:240 - Cannot read IP mode file for STMicroelectronics.X-CUBE-MEMS1.9.6.0
2024-12-05 22:40:15,184 [WARN] PackLoader:240 - Cannot read IP mode file for STMicroelectronics.X-CUBE-NFC6.3.1.0
2024-12-05 22:40:15,191 [WARN] PackLoader:240 - Cannot read IP mode file for STMicroelectronics.X-CUBE-BLEMGR.2.0.0
2024-12-05 22:40:15,194 [ERROR] Engine:466 - C:\Users\betul\.stm32cubemx\thirdparties\pdsc\STMicroelectronics.X-CUBE-DPower.1.2.0.pdsc: PDSC version is not supported
2024-12-05 22:40:15,208 [WARN] ConditionMgr:438 - getConditionDescription Invalid condition id : UX DEVICE CLASS RTOS Condition cause : null
2024-12-05 22:40:15,209 [WARN] ConditionMgr:438 - getConditionDescription Invalid condition id : UX DEVICE CLASS RTOS Condition cause : null
2024-12-05 22:40:15,211 [WARN] PackLoader:240 - Cannot read IP mode file for STMicroelectronics.X-CUBE-AZRTOS-H7.3.1.0
2024-12-05 22:40:15,212 [WARN] ConditionMgr:1039 - genDependencies : Invalid condition id : UX DEVICE CLASS RTOS Condition cause : null
2024-12-05 22:40:15,212 [WARN] ConditionMgr:1039 - genDependencies : Invalid condition id : UX DEVICE CLASS RTOS Condition cause : null
2024-12-05 22:40:15,213 [WARN] ConditionMgr:1039 - genDependencies : Invalid condition id : UX DEVICE CLASS RTOS Condition cause : null
2024-12-05 22:40:15,213 [WARN] ConditionMgr:1039 - genDependencies : Invalid condition id : UX DEVICE CLASS RTOS Condition cause : null
2024-12-05 22:40:15,213 [WARN] ConditionMgr:1039 - genDependencies : Invalid condition id : UX DEVICE CLASS RTOS Condition cause : null
2024-12-05 22:40:15,218 [WARN] PackLoader:240 - Cannot read IP mode file for STMicroelectronics.X-CUBE-NFC7.1.0.1
2024-12-05 22:40:15,226 [WARN] PackLoader:240 - Cannot read IP mode file for STMicroelectronics.X-CUBE-NFC6.3.0.0
2024-12-05 22:40:15,234 [WARN] PackLoader:240 - Cannot read IP mode file for STMicroelectronics.X-CUBE-EEPRMA1.4.1.0
2024-12-05 22:40:15,237 [WARN] PackLoader:240 - Cannot read IP mode file for STMicroelectronics.X-CUBE-AI.8.1.0
2024-12-05 22:40:15,251 [WARN] ConditionMgr:438 - getConditionDescription Invalid condition id : LAN8742 Phy interface Condition cause : null
2024-12-05 22:40:15,252 [WARN] PackLoader:240 - Cannot read IP mode file for STMicroelectronics.X-CUBE-AZRTOS-L4.2.0.0
2024-12-05 22:40:15,253 [WARN] ConditionMgr:1039 - genDependencies : Invalid condition id : LAN8742 Phy interface Condition cause : null
2024-12-05 22:40:15,254 [WARN] ConditionMgr:1039 - genDependencies : Invalid condition id : LAN8742 Phy interface Condition cause : null
2024-12-05 22:40:15,255 [WARN] ConditionMgr:1039 - genDependencies : Invalid condition id : LAN8742 Phy interface Condition cause : null
2024-12-05 22:40:15,273 [WARN] PackLoader:240 - Cannot read IP mode file for STMicroelectronics.X-CUBE-SFXS2LP1.4.0.0
2024-12-05 22:40:15,279 [WARN] PackLoader:240 - Cannot read IP mode file for STMicroelectronics.X-CUBE-ISPU.1.1.0
2024-12-05 22:40:15,306 [WARN] PackLoader:240 - Cannot read IP mode file for STMicroelectronics.X-CUBE-AZRTOS-H7.3.3.0
2024-12-05 22:40:15,317 [ERROR] Engine:466 - C:\Users\betul\.stm32cubemx\thirdparties\pdsc\STMicroelectronics.X-CUBE-IPS.3.0.0.pdsc: PDSC version is not supported
2024-12-05 22:40:15,332 [WARN] ConditionMgr:438 - getConditionDescription Invalid condition id : UX DEVICE CLASS RTOS Condition cause : null
2024-12-05 22:40:15,332 [WARN] ConditionMgr:438 - getConditionDescription Invalid condition id : UX DEVICE CLASS RTOS Condition cause : null
2024-12-05 22:40:15,335 [WARN] PackLoader:240 - Cannot read IP mode file for STMicroelectronics.X-CUBE-AZRTOS-WB.2.0.0
2024-12-05 22:40:15,336 [WARN] ConditionMgr:1039 - genDependencies : Invalid condition id : UX DEVICE CLASS RTOS Condition cause : null
2024-12-05 22:40:15,336 [WARN] ConditionMgr:1039 - genDependencies : Invalid condition id : UX DEVICE CLASS RTOS Condition cause : null
2024-12-05 22:40:15,336 [WARN] ConditionMgr:1039 - genDependencies : Invalid condition id : UX DEVICE CLASS RTOS Condition cause : null
2024-12-05 22:40:15,336 [WARN] ConditionMgr:1039 - genDependencies : Invalid condition id : UX DEVICE CLASS RTOS Condition cause : null
2024-12-05 22:40:15,337 [WARN] ConditionMgr:1039 - genDependencies : Invalid condition id : UX DEVICE CLASS RTOS Condition cause : null
2024-12-05 22:40:15,342 [WARN] PackLoader:240 - Cannot read IP mode file for STMicroelectronics.X-CUBE-GNSS1.7.0.0
2024-12-05 22:40:15,348 [ERROR] Engine:466 - C:\Users\betul\.stm32cubemx\thirdparties\pdsc\STMicroelectronics.FP-SNS-STBOX1.2.0.0.pdsc: PDSC version is not supported
2024-12-05 22:40:15,360 [WARN] PackLoader:240 - Cannot read IP mode file for STMicroelectronics.X-CUBE-SUBG2.5.0.0
2024-12-05 22:40:15,368 [WARN] PackLoader:240 - Cannot read IP mode file for Cesanta.I-CUBE-Mongoose.7.13.0
2024-12-05 22:40:15,393 [WARN] PackLoader:240 - Cannot read IP mode file for STMicroelectronics.X-CUBE-TOF1.3.3.1
2024-12-05 22:40:15,427 [WARN] PackLoader:240 - Cannot read IP mode file for STMicroelectronics.X-CUBE-AZRTOS-G4.2.0.0
2024-12-05 22:40:15,434 [WARN] PackLoader:240 - Cannot read IP mode file for STMicroelectronics.X-CUBE-ALS.1.0.2
2024-12-05 22:40:15,440 [WARN] PackLoader:240 - Cannot read IP mode file for STMicroelectronics.X-CUBE-FREERTOS.1.1.0
2024-12-05 22:40:15,444 [WARN] PackLoader:240 - Cannot read IP mode file for STMicroelectronics.X-CUBE-TOUCHGFX.4.24.1
2024-12-05 22:40:15,448 [WARN] PackLoader:240 - Cannot read IP mode file for wolfSSL.I-CUBE-wolfTPM.3.4.0
2024-12-05 22:40:15,454 [WARN] PackLoader:240 - Cannot read IP mode file for portGmbH.I-Cube-SoM-uGOAL.1.1.0
2024-12-05 22:40:15,457 [WARN] PackLoader:240 - Cannot read IP mode file for STMicroelectronics.X-CUBE-ALS.1.0.1
2024-12-05 22:40:15,477 [WARN] PackLoader:240 - Cannot read IP mode file for STMicroelectronics.X-CUBE-AZRTOS-H7RS.1.0.0
2024-12-05 22:40:15,482 [WARN] PackLoader:240 - Cannot read IP mode file for STMicroelectronics.FP-ATR-ASTRA1.2.0.0
2024-12-05 22:40:15,487 [ERROR] Engine:466 - C:\Users\betul\.stm32cubemx\thirdparties\pdsc\STMicroelectronics.X-CUBE-TOF1.3.4.2.pdsc: PDSC version is not supported
2024-12-05 22:40:15,490 [WARN] PackLoader:240 - Cannot read IP mode file for wolfSSL.I-CUBE-wolfSSH.1.4.17
2024-12-05 22:40:15,490 [INFO] ThirdParty:978 - Integrity check success = true
2024-12-05 22:40:15,491 [INFO] IntegrityCheckThread:100 - exiting critical section [integrity check]
2024-12-05 22:40:15,491 [INFO] IntegrityCheckThread:103 - End integrity checks thread
2024-12-05 22:40:34,753 [ERROR] LogOutputStream:75 - [STDERR_REDIRECT] SLF4J: Failed to load class "org.slf4j.impl.StaticLoggerBinder".
2024-12-05 22:40:34,754 [ERROR] LogOutputStream:75 - [STDERR_REDIRECT] SLF4J: Defaulting to no-operation (NOP) logger implementation
2024-12-05 22:40:34,757 [ERROR] LogOutputStream:75 - [STDERR_REDIRECT] SLF4J: See http://www.slf4j.org/codes.html#StaticLoggerBinder for further details.
