2025-09-29 20:51:37,389 [INFO] Activator:176 - 


2025-09-29 20:51:37,395 [INFO] Activator:177 - !SESSION log4j initialized
2025-09-29 20:51:44,784 [INFO] LogOutputStream:77 - [STDOUT_REDIRECT] 
2025-09-29 20:51:52,670 [INFO] ApplicationProperties:184 - Using Application install path: C:\ST\STM32CubeIDE_1.13.1\STM32CubeIDE\plugins\com.st.stm32cube.common.mx_6.9.1.202307191849
2025-09-29 20:51:52,692 [INFO] DbMcusXml:78 - Set database path to: C:\ST\STM32CubeIDE_1.13.1\STM32CubeIDE\plugins\com.st.stm32cube.common.mx_6.9.1.202307191849\\db\/mcu/
2025-09-29 20:51:52,692 [INFO] ApiDb:274 - Set plugin database path to: C:\ST\STM32CubeIDE_1.13.1\STM32CubeIDE\plugins\com.st.stm32cube.common.mx_6.9.1.202307191849\\db\/plugins/boardmanager/
2025-09-29 20:51:52,693 [WARN] ApiDb:259 - Overriding images path with different value:  => C:\ST\STM32CubeIDE_1.13.1\STM32CubeIDE\plugins\com.st.stm32cube.common.mx_6.9.1.202307191849\\db\/plugins/mcufinder/images/
2025-09-29 20:51:52,707 [INFO] ApiDb:250 - Set database path to: C:\Users\betul\.stmcufinder\plugins\mcufinder//mcu/
2025-09-29 20:51:52,708 [INFO] DbMcusAds:125 - Set database path to: C:\Users\betul\.stmcufinder\plugins\mcufinder//mcu/
2025-09-29 20:51:52,711 [INFO] CrossReferenceDbSqlite:203 - Set database path to: C:\Users\betul\.stmcufinder\plugins\mcufinder//mcu/cs/
2025-09-29 20:51:52,833 [INFO] RulesReader:64 - Compatibility file has been processed (293 Rules)
2025-09-29 20:51:52,926 [INFO] DbMcusXml:78 - Set database path to: C:\ST\STM32CubeIDE_1.13.1\STM32CubeIDE\plugins\com.st.stm32cube.common.mx_6.9.1.202307191849\\db\/mcu/
2025-09-29 20:51:52,926 [INFO] ApiDb:274 - Set plugin database path to: C:\ST\STM32CubeIDE_1.13.1\STM32CubeIDE\plugins\com.st.stm32cube.common.mx_6.9.1.202307191849\\db\/plugins/boardmanager/
2025-09-29 20:51:52,926 [INFO] ApiDb:261 - Set plugin images path to: C:\ST\STM32CubeIDE_1.13.1\STM32CubeIDE\plugins\com.st.stm32cube.common.mx_6.9.1.202307191849\\db\/plugins/mcufinder/images/
2025-09-29 20:51:52,926 [WARN] DbFile:41 - Overriding database path with different value: C:\Users\betul\.stmcufinder\plugins\mcufinder/ => C:\Users\betul\.stmcufinder\plugins\mcufinder
2025-09-29 20:51:52,926 [INFO] ApiDb:250 - Set database path to: C:\Users\betul\.stmcufinder\plugins\mcufinder//mcu/
2025-09-29 20:51:52,926 [WARN] DbFile:41 - Overriding database path with different value: C:\Users\betul\.stmcufinder\plugins\mcufinder/ => C:\Users\betul\.stmcufinder\plugins\mcufinder
2025-09-29 20:51:52,926 [INFO] DbMcusAds:125 - Set database path to: C:\Users\betul\.stmcufinder\plugins\mcufinder//mcu/
2025-09-29 20:51:52,927 [WARN] DbFile:41 - Overriding database path with different value: C:\Users\betul\.stmcufinder\plugins\mcufinder/ => C:\Users\betul\.stmcufinder\plugins\mcufinder
2025-09-29 20:51:52,927 [WARN] DbFile:41 - Overriding database path with different value: C:\Users\betul\.stmcufinder\plugins\mcufinder/ => C:\Users\betul\.stmcufinder\plugins\mcufinder
2025-09-29 20:51:52,927 [INFO] CrossReferenceDbSqlite:203 - Set database path to: C:\Users\betul\.stmcufinder\plugins\mcufinder//mcu/cs/
2025-09-29 20:51:53,013 [INFO] MainPanel:262 - HeapMemory: 268435456
2025-09-29 20:51:53,109 [INFO] DbMcusXml:78 - Set database path to: C:\ST\STM32CubeIDE_1.13.1\STM32CubeIDE\plugins\com.st.stm32cube.common.mx_6.9.1.202307191849\\db\/mcu/
2025-09-29 20:51:53,109 [INFO] ApiDb:274 - Set plugin database path to: C:\ST\STM32CubeIDE_1.13.1\STM32CubeIDE\plugins\com.st.stm32cube.common.mx_6.9.1.202307191849\\db\/plugins/boardmanager/
2025-09-29 20:51:53,109 [INFO] ApiDb:261 - Set plugin images path to: C:\ST\STM32CubeIDE_1.13.1\STM32CubeIDE\plugins\com.st.stm32cube.common.mx_6.9.1.202307191849\\db\/plugins/mcufinder/images/
2025-09-29 20:51:53,110 [WARN] DbFile:41 - Overriding database path with different value: C:\Users\betul\.stmcufinder\plugins\mcufinder/ => C:\Users\betul\.stmcufinder\plugins\mcufinder
2025-09-29 20:51:53,110 [INFO] ApiDb:250 - Set database path to: C:\Users\betul\.stmcufinder\plugins\mcufinder//mcu/
2025-09-29 20:51:53,110 [WARN] DbFile:41 - Overriding database path with different value: C:\Users\betul\.stmcufinder\plugins\mcufinder/ => C:\Users\betul\.stmcufinder\plugins\mcufinder
2025-09-29 20:51:53,122 [INFO] DbMcusAds:125 - Set database path to: C:\Users\betul\.stmcufinder\plugins\mcufinder//mcu/
2025-09-29 20:51:53,122 [WARN] DbFile:41 - Overriding database path with different value: C:\Users\betul\.stmcufinder\plugins\mcufinder/ => C:\Users\betul\.stmcufinder\plugins\mcufinder
2025-09-29 20:51:53,122 [WARN] DbFile:41 - Overriding database path with different value: C:\Users\betul\.stmcufinder\plugins\mcufinder/ => C:\Users\betul\.stmcufinder\plugins\mcufinder
2025-09-29 20:51:53,123 [INFO] CrossReferenceDbSqlite:203 - Set database path to: C:\Users\betul\.stmcufinder\plugins\mcufinder//mcu/cs/
2025-09-29 20:51:53,154 [INFO] ApplicationProperties:184 - Using Application install path: C:\ST\STM32CubeIDE_1.13.1\STM32CubeIDE\plugins\com.st.stm32cube.common.mx_6.9.1.202307191849
2025-09-29 20:51:53,156 [INFO] PluginManage:196 - Search for loadable plugins [exclusion list=, ]
2025-09-29 20:51:53,158 [INFO] PluginManage:310 - Check plugin analytics
2025-09-29 20:51:57,933 [INFO] AnalyticsPlugin:253 - Accepted Software Licenses: 
2025-09-29 20:51:57,933 [INFO] AnalyticsPlugin:255 - Accepted CMSIS Pack Licenses: 
2025-09-29 20:51:57,933 [INFO] AnalyticsPlugin:257 - Accepted Firmware Licenses: FW.F4.1.27.0
2025-09-29 20:51:57,937 [INFO] PluginManage:359 - Loaded plugin analytics (category:tool,tabindex:-1)
2025-09-29 20:51:57,938 [INFO] PluginManage:310 - Check plugin cadmodel
2025-09-29 20:51:57,958 [INFO] CADModel:105 - Init CAD model plugin
2025-09-29 20:51:57,959 [INFO] PluginManage:359 - Loaded plugin cadmodel (category:power,tabindex:5)
2025-09-29 20:51:57,959 [INFO] PluginManage:310 - Check plugin clock
2025-09-29 20:51:57,986 [INFO] PluginManage:359 - Loaded plugin clock (category:base,tabindex:2)
2025-09-29 20:51:57,986 [INFO] PluginManage:310 - Check plugin ddr
2025-09-29 20:51:57,990 [INFO] PluginManage:359 - Loaded plugin ddr (category:tool,tabindex:6)
2025-09-29 20:51:57,991 [INFO] PluginManage:310 - Check plugin filemanager
2025-09-29 20:51:58,148 [INFO] PluginManage:359 - Loaded plugin filemanager (category:base,tabindex:10)
2025-09-29 20:51:58,148 [INFO] PluginManage:310 - Check plugin ipmanager
2025-09-29 20:51:58,156 [INFO] PluginManage:359 - Loaded plugin ipmanager (category:base,tabindex:5)
2025-09-29 20:51:58,157 [INFO] PluginManage:310 - Check plugin lpbam
2025-09-29 20:51:58,179 [INFO] PluginManage:359 - Loaded plugin lpbam (category:base,tabindex:0)
2025-09-29 20:51:58,179 [INFO] PluginManage:310 - Check plugin memorymap
2025-09-29 20:51:58,207 [INFO] PluginManage:359 - Loaded plugin memorymap (category:base,tabindex:4)
2025-09-29 20:51:58,207 [INFO] PluginManage:310 - Check plugin pinoutandconfiguration
2025-09-29 20:51:58,230 [INFO] PluginManage:359 - Loaded plugin pinoutandconfiguration (category:base,tabindex:1)
2025-09-29 20:51:58,230 [INFO] PluginManage:310 - Check plugin pinoutconfig
2025-09-29 20:51:58,335 [WARN] SupportedApi:132 - Cannot load RTOS API schema: s4s-elt-must-match.1: The content of 'definitions' must match (annotation?, (simpleType | complexType)?, (unique | key | keyref)*)). A problem was found starting at: attribute.
2025-09-29 20:51:58,473 [INFO] PluginManage:359 - Loaded plugin pinoutconfig (category:base,tabindex:0)
2025-09-29 20:51:58,473 [INFO] PluginManage:310 - Check plugin power
2025-09-29 20:51:58,507 [INFO] PluginManage:359 - Loaded plugin power (category:power,tabindex:4)
2025-09-29 20:51:58,508 [INFO] PluginManage:310 - Check plugin projectmanager
2025-09-29 20:51:58,521 [INFO] PluginManage:359 - Loaded plugin projectmanager (category:projectmanager,tabindex:3)
2025-09-29 20:51:58,522 [INFO] PluginManage:310 - Check plugin thirdparty
2025-09-29 20:51:58,856 [INFO] PluginManage:359 - Loaded plugin thirdparty (category:base,tabindex:-1)
2025-09-29 20:51:58,856 [WARN] IntegrityCheckThread:84 - waiting for thirdparty lock release [integrity check]
2025-09-29 20:51:58,856 [INFO] PluginManage:310 - Check plugin tools
2025-09-29 20:51:58,856 [INFO] IntegrityCheckThread:86 - entering critical section [integrity check]
2025-09-29 20:51:58,857 [INFO] ThirdPartyUpdaterWithRetryManager:70 - Updater plugin not ready yet. [1/15]
2025-09-29 20:51:58,901 [INFO] PluginManage:359 - Loaded plugin tools (category:base,tabindex:7)
2025-09-29 20:51:58,902 [INFO] PluginManage:310 - Check plugin tutovideos
2025-09-29 20:51:59,104 [INFO] PluginManage:359 - Loaded plugin tutovideos (category:base,tabindex:-1)
2025-09-29 20:51:59,104 [INFO] PluginManage:310 - Check plugin updater
2025-09-29 20:51:59,115 [INFO] PluginManage:359 - Loaded plugin updater (category:base,tabindex:12)
2025-09-29 20:51:59,115 [INFO] PluginManage:310 - Check plugin userauth
2025-09-29 20:51:59,119 [INFO] UserAuth:113 - Init User Auth plugin
2025-09-29 20:51:59,120 [INFO] PluginManage:359 - Loaded plugin userauth (category:base,tabindex:14)
2025-09-29 20:51:59,120 [INFO] PluginManage:283 - PluginManage : Loaded plugins [17]
2025-09-29 20:51:59,367 [INFO] PinOutPanel:1499 - setPackage(No Configuration,No Configuration)
2025-09-29 20:51:59,476 [INFO] CADModel:165 - CPN selected for project level
2025-09-29 20:51:59,476 [INFO] CADModel:114 - Register for checkConnection events
2025-09-29 20:51:59,509 [INFO] IPUIPlugin:80 - create IPUIPlugin
2025-09-29 20:51:59,510 [INFO] PluginManager:220 - loadIPPluginJar : add adc
2025-09-29 20:51:59,557 [INFO] IPUIPlugin:80 - create IPUIPlugin
2025-09-29 20:51:59,557 [INFO] PluginManager:220 - loadIPPluginJar : add aes
2025-09-29 20:51:59,609 [INFO] IPUIPlugin:80 - create IPUIPlugin
2025-09-29 20:51:59,609 [INFO] PluginManager:220 - loadIPPluginJar : add can
2025-09-29 20:51:59,640 [INFO] IPUIPlugin:80 - create IPUIPlugin
2025-09-29 20:51:59,640 [INFO] PluginManager:220 - loadIPPluginJar : add comp
2025-09-29 20:51:59,688 [INFO] IPUIPlugin:80 - create IPUIPlugin
2025-09-29 20:51:59,688 [INFO] PluginManager:220 - loadIPPluginJar : add cryp
2025-09-29 20:51:59,739 [INFO] IPUIPlugin:80 - create IPUIPlugin
2025-09-29 20:51:59,739 [INFO] PluginManager:220 - loadIPPluginJar : add dfsdm
2025-09-29 20:51:59,756 [INFO] IPUIPlugin:80 - create IPUIPlugin
2025-09-29 20:51:59,756 [INFO] PluginManager:220 - loadIPPluginJar : add dma
2025-09-29 20:51:59,819 [INFO] IPUIPlugin:80 - create IPUIPlugin
2025-09-29 20:51:59,820 [INFO] PluginManager:220 - loadIPPluginJar : add dma3
2025-09-29 20:51:59,849 [INFO] IPUIPlugin:80 - create IPUIPlugin
2025-09-29 20:51:59,849 [INFO] PluginManager:220 - loadIPPluginJar : add fatfs
2025-09-29 20:51:59,915 [INFO] IPUIPlugin:80 - create IPUIPlugin
2025-09-29 20:51:59,916 [INFO] PluginManager:220 - loadIPPluginJar : add fmc
2025-09-29 20:51:59,936 [INFO] IPUIPlugin:80 - create IPUIPlugin
2025-09-29 20:51:59,936 [INFO] PluginManager:220 - loadIPPluginJar : add freertos
2025-09-29 20:51:59,969 [INFO] IPUIPlugin:80 - create IPUIPlugin
2025-09-29 20:51:59,969 [INFO] PluginManager:220 - loadIPPluginJar : add genericplugin
2025-09-29 20:52:00,098 [INFO] IPUIPlugin:80 - create IPUIPlugin
2025-09-29 20:52:00,098 [INFO] PluginManager:220 - loadIPPluginJar : add gfxmmu
2025-09-29 20:52:00,268 [INFO] IPUIPlugin:80 - create IPUIPlugin
2025-09-29 20:52:00,268 [INFO] PluginManager:220 - loadIPPluginJar : add gic
2025-09-29 20:52:00,283 [INFO] IPUIPlugin:80 - create IPUIPlugin
2025-09-29 20:52:00,284 [INFO] PluginManager:220 - loadIPPluginJar : add gpio
2025-09-29 20:52:00,399 [INFO] IPUIPlugin:80 - create IPUIPlugin
2025-09-29 20:52:00,400 [INFO] PluginManager:220 - loadIPPluginJar : add gtzc
2025-09-29 20:52:00,443 [INFO] IPUIPlugin:80 - create IPUIPlugin
2025-09-29 20:52:00,444 [INFO] PluginManager:220 - loadIPPluginJar : add hash
2025-09-29 20:52:00,511 [INFO] IPUIPlugin:80 - create IPUIPlugin
2025-09-29 20:52:00,511 [INFO] PluginManager:220 - loadIPPluginJar : add i2c
2025-09-29 20:52:00,563 [INFO] IPUIPlugin:80 - create IPUIPlugin
2025-09-29 20:52:00,563 [INFO] PluginManager:220 - loadIPPluginJar : add i2s
2025-09-29 20:52:00,618 [INFO] IPUIPlugin:80 - create IPUIPlugin
2025-09-29 20:52:00,618 [INFO] PluginManager:220 - loadIPPluginJar : add i3c
2025-09-29 20:52:00,752 [INFO] IPUIPlugin:80 - create IPUIPlugin
2025-09-29 20:52:00,752 [INFO] PluginManager:220 - loadIPPluginJar : add ipddr
2025-09-29 20:52:00,870 [INFO] IPUIPlugin:80 - create IPUIPlugin
2025-09-29 20:52:00,870 [INFO] PluginManager:220 - loadIPPluginJar : add linkedlist
2025-09-29 20:52:00,921 [INFO] IPUIPlugin:80 - create IPUIPlugin
2025-09-29 20:52:00,921 [INFO] PluginManager:220 - loadIPPluginJar : add lorawan
2025-09-29 20:52:00,971 [INFO] IPUIPlugin:80 - create IPUIPlugin
2025-09-29 20:52:00,971 [INFO] PluginManager:220 - loadIPPluginJar : add ltdc
2025-09-29 20:52:00,987 [INFO] IPUIPlugin:80 - create IPUIPlugin
2025-09-29 20:52:00,987 [INFO] PluginManager:220 - loadIPPluginJar : add mdma
2025-09-29 20:52:01,003 [INFO] IPUIPlugin:80 - create IPUIPlugin
2025-09-29 20:52:01,003 [INFO] PluginManager:220 - loadIPPluginJar : add nvic
2025-09-29 20:52:01,051 [INFO] IPUIPlugin:80 - create IPUIPlugin
2025-09-29 20:52:01,051 [INFO] PluginManager:220 - loadIPPluginJar : add opamp
2025-09-29 20:52:01,136 [INFO] IPUIPlugin:80 - create IPUIPlugin
2025-09-29 20:52:01,136 [INFO] PluginManager:220 - loadIPPluginJar : add openamp
2025-09-29 20:52:01,199 [INFO] IPUIPlugin:80 - create IPUIPlugin
2025-09-29 20:52:01,199 [INFO] PluginManager:220 - loadIPPluginJar : add pdm2pcm
2025-09-29 20:52:01,216 [INFO] IPUIPlugin:80 - create IPUIPlugin
2025-09-29 20:52:01,218 [INFO] PluginManager:220 - loadIPPluginJar : add plateformsettings
2025-09-29 20:52:01,252 [INFO] IPUIPlugin:80 - create IPUIPlugin
2025-09-29 20:52:01,252 [INFO] PluginManager:220 - loadIPPluginJar : add quadspi
2025-09-29 20:52:01,269 [INFO] IPUIPlugin:80 - create IPUIPlugin
2025-09-29 20:52:01,270 [INFO] PluginManager:220 - loadIPPluginJar : add resmgrutility
2025-09-29 20:52:01,336 [INFO] IPUIPlugin:80 - create IPUIPlugin
2025-09-29 20:52:01,336 [INFO] PluginManager:220 - loadIPPluginJar : add sai
2025-09-29 20:52:01,388 [INFO] IPUIPlugin:80 - create IPUIPlugin
2025-09-29 20:52:01,388 [INFO] PluginManager:220 - loadIPPluginJar : add spi
2025-09-29 20:52:01,461 [INFO] IPUIPlugin:80 - create IPUIPlugin
2025-09-29 20:52:01,461 [INFO] PluginManager:220 - loadIPPluginJar : add stm32_wpan
2025-09-29 20:52:01,493 [INFO] IPUIPlugin:80 - create IPUIPlugin
2025-09-29 20:52:01,493 [INFO] PluginManager:220 - loadIPPluginJar : add tim
2025-09-29 20:52:01,568 [INFO] IPUIPlugin:80 - create IPUIPlugin
2025-09-29 20:52:01,568 [INFO] PluginManager:220 - loadIPPluginJar : add touchsensing
2025-09-29 20:52:01,597 [INFO] IPUIPlugin:80 - create IPUIPlugin
2025-09-29 20:52:01,597 [INFO] PluginManager:220 - loadIPPluginJar : add tracer_emb
2025-09-29 20:52:01,630 [INFO] IPUIPlugin:80 - create IPUIPlugin
2025-09-29 20:52:01,630 [INFO] PluginManager:220 - loadIPPluginJar : add ts
2025-09-29 20:52:01,664 [INFO] IPUIPlugin:80 - create IPUIPlugin
2025-09-29 20:52:01,664 [INFO] PluginManager:220 - loadIPPluginJar : add tsc
2025-09-29 20:52:01,695 [INFO] IPUIPlugin:80 - create IPUIPlugin
2025-09-29 20:52:01,695 [INFO] PluginManager:220 - loadIPPluginJar : add ucpd
2025-09-29 20:52:01,755 [INFO] IPUIPlugin:80 - create IPUIPlugin
2025-09-29 20:52:01,756 [INFO] PluginManager:220 - loadIPPluginJar : add usart
2025-09-29 20:52:01,815 [INFO] IPUIPlugin:80 - create IPUIPlugin
2025-09-29 20:52:01,815 [INFO] PluginManager:220 - loadIPPluginJar : add usbx
2025-09-29 20:52:01,859 [INFO] ThirdPartyUpdaterWithRetryManager:70 - Updater plugin not ready yet. [2/15]
2025-09-29 20:52:01,938 [INFO] CADModel:165 - CPN selected for project level
2025-09-29 20:52:01,938 [INFO] CADModel:114 - Register for checkConnection events
2025-09-29 20:52:01,938 [FATAL] Updater:308 - Updater called before beeing initialized
2025-09-29 20:52:01,938 [ERROR] CADModel:125 - Updater not yet initialized, retry later 
2025-09-29 20:52:02,097 [INFO] CADModel:165 - CPN selected for project level
2025-09-29 20:52:02,097 [INFO] CADModel:114 - Register for checkConnection events
2025-09-29 20:52:02,097 [FATAL] Updater:308 - Updater called before beeing initialized
2025-09-29 20:52:02,097 [ERROR] CADModel:125 - Updater not yet initialized, retry later 
2025-09-29 20:52:02,101 [FATAL] Updater:308 - Updater called before beeing initialized
2025-09-29 20:52:02,218 [FATAL] Updater:308 - Updater called before beeing initialized
2025-09-29 20:52:02,232 [INFO] DbMcusAds:53 - JSON generation date=Fri Sep 20 16:04:23 TRT 2024 (1726837463121)
2025-09-29 20:52:02,232 [FATAL] Updater:308 - Updater called before beeing initialized
2025-09-29 20:52:02,326 [WARN] DetailPanel:346 - Failed to get advertising image, set to default
2025-09-29 20:52:02,417 [FATAL] Updater:308 - Updater called before beeing initialized
2025-09-29 20:52:02,419 [FATAL] Updater:308 - Updater called before beeing initialized
2025-09-29 20:52:02,419 [FATAL] Updater:308 - Updater called before beeing initialized
2025-09-29 20:52:02,419 [WARN] DetailPanel:346 - Failed to get advertising image, set to default
2025-09-29 20:52:02,420 [FATAL] Updater:308 - Updater called before beeing initialized
2025-09-29 20:52:02,483 [ERROR] Updater:1120 - MainUpdater not yet initialized. External WinMGr cannot be set.
2025-09-29 20:52:02,496 [INFO] Updater:1056 - Updater Version found : 6.9.1
2025-09-29 20:52:02,512 [INFO] ApplicationProperties:184 - Using Application install path: C:\ST\STM32CubeIDE_1.13.1\STM32CubeIDE\plugins\com.st.stm32cube.common.mx_6.9.1.202307191849
2025-09-29 20:52:02,799 [INFO] MainUpdater:2868 - connection check result : 10
2025-09-29 20:52:02,800 [INFO] MainUpdater:285 - Updater Check For Update Now.
2025-09-29 20:52:02,800 [INFO] MicroXplorer:498 - Change Database Version : DB.6.0.91
2025-09-29 20:52:02,819 [INFO] McuFinderGlobals:63 - Set McuFinder mode to 2 (CubeIDE integrated)
2025-09-29 20:52:03,035 [INFO] CheckServerUpdateThread:120 - End of CheckServer Thread
2025-09-29 20:52:05,110 [WARN] PackLoader:240 - Cannot read IP mode file for STMicroelectronics.FP-SNS-MOTENVWB1.1.4.0
2025-09-29 20:52:05,130 [WARN] PackLoader:240 - Cannot read IP mode file for STMicroelectronics.FP-ATR-ASTRA1.2.0.2
2025-09-29 20:52:05,144 [WARN] PackLoader:240 - Cannot read IP mode file for STMicroelectronics.FP-ATR-ASTRA1.2.0.1
2025-09-29 20:52:05,163 [WARN] PackLoader:240 - Cannot read IP mode file for STMicroelectronics.X-CUBE-SMBUS.2.1.0
2025-09-29 20:52:05,182 [WARN] PackLoader:240 - Cannot read IP mode file for STMicroelectronics.X-CUBE-WB05N.1.1.0
2025-09-29 20:52:05,197 [ERROR] Engine:466 - C:\Users\betul\.stm32cubemx\thirdparties\pdsc\STMicroelectronics.X-CUBE-ST60.1.0.0.pdsc: PDSC version is not supported
2025-09-29 20:52:05,237 [WARN] PackLoader:240 - Cannot read IP mode file for STMicroelectronics.X-CUBE-AZRTOS-F7.1.1.0
2025-09-29 20:52:05,261 [WARN] PackLoader:240 - Cannot read IP mode file for STMicroelectronics.FP-SNS-MOTENV1.4.3.2
2025-09-29 20:52:05,348 [WARN] PackLoader:240 - Cannot read IP mode file for STMicroelectronics.X-CUBE-MEMS1.11.0.0
2025-09-29 20:52:05,498 [WARN] PackLoader:240 - Cannot read IP mode file for STMicroelectronics.FP-SNS-FLIGHT1.5.0.2
2025-09-29 20:52:05,519 [ERROR] Engine:466 - C:\Users\betul\.stm32cubemx\thirdparties\pdsc\Infineon.AIROC-Wi-Fi-Bluetooth-STM32.1.7.0.pdsc: PDSC version is not supported
2025-09-29 20:52:05,559 [WARN] PackLoader:240 - Cannot read IP mode file for STMicroelectronics.X-CUBE-AZRTOS-H7.3.4.0
2025-09-29 20:52:05,584 [WARN] PackLoader:240 - Cannot read IP mode file for STMicroelectronics.X-CUBE-DISPLAY.3.0.0
2025-09-29 20:52:05,605 [WARN] PackLoader:240 - Cannot read IP mode file for STMicroelectronics.X-CUBE-BLE1.7.0.0
2025-09-29 20:52:05,627 [WARN] PackLoader:240 - Cannot read IP mode file for STMicroelectronics.X-CUBE-NFC10.1.0.0
2025-09-29 20:52:05,644 [WARN] PackLoader:240 - Cannot read IP mode file for emotas.I-CUBE-CANOPEN.1.3.0
2025-09-29 20:52:05,662 [WARN] PackLoader:240 - Cannot read IP mode file for STMicroelectronics.X-CUBE-TOUCHGFX.4.22.0
2025-09-29 20:52:05,686 [WARN] PackLoader:240 - Cannot read IP mode file for STMicroelectronics.X-CUBE-BLEMGR.3.1.0
2025-09-29 20:52:05,704 [ERROR] Engine:466 - C:\Users\betul\.stm32cubemx\thirdparties\pdsc\STMicroelectronics.FP-SNS-STBOX1.2.1.0.pdsc: PDSC version is not supported
2025-09-29 20:52:05,719 [WARN] PackLoader:240 - Cannot read IP mode file for STMicroelectronics.FP-SNS-SMARTAG2.1.2.0
2025-09-29 20:52:05,733 [ERROR] Engine:466 - C:\Users\betul\.stm32cubemx\thirdparties\pdsc\STMicroelectronics.FP-SNS-FLIGHT1.5.1.0.pdsc: PDSC version is not supported
2025-09-29 20:52:05,756 [INFO] LogOutputStream:77 - [STDOUT_REDIRECT] 1 : Invalid condition id : UX_CORESTACK_Condition cause : null
2025-09-29 20:52:05,756 [INFO] LogOutputStream:77 - [STDOUT_REDIRECT] 1 : Invalid condition id : UX_CORESTACK_Condition cause : null
2025-09-29 20:52:05,758 [INFO] LogOutputStream:77 - [STDOUT_REDIRECT] 1 : Invalid condition id : UX_CORESTACK_Condition cause : null
2025-09-29 20:52:05,760 [INFO] LogOutputStream:77 - [STDOUT_REDIRECT] 1 : Invalid condition id : UX_CORESTACK_Condition cause : null
2025-09-29 20:52:05,762 [INFO] LogOutputStream:77 - [STDOUT_REDIRECT] 1 : Invalid condition id : UX_CORESTACK_Condition cause : null
2025-09-29 20:52:05,765 [WARN] PackLoader:240 - Cannot read IP mode file for STMicroelectronics.X-CUBE-AZRTOS-WL.2.0.0
2025-09-29 20:52:05,781 [WARN] PackLoader:240 - Cannot read IP mode file for STMicroelectronics.FP-SNS-MOTENV1.5.0.0
2025-09-29 20:52:05,796 [WARN] PackLoader:240 - Cannot read IP mode file for wolfSSL.I-CUBE-wolfMQTT.1.19.0
2025-09-29 20:52:05,813 [WARN] PackLoader:240 - Cannot read IP mode file for WES.I-CUBE-Cesium.1.3.0
2025-09-29 20:52:05,830 [WARN] PackLoader:240 - Cannot read IP mode file for STMicroelectronics.X-CUBE-BLE2.3.3.0
2025-09-29 20:52:05,847 [WARN] PackLoader:240 - Cannot read IP mode file for STMicroelectronics.X-CUBE-NFC9.1.0.0
2025-09-29 20:52:05,864 [WARN] PackLoader:240 - Cannot read IP mode file for STMicroelectronics.X-CUBE-BLE1.7.1.0
2025-09-29 20:52:05,881 [WARN] PackLoader:240 - Cannot read IP mode file for STMicroelectronics.X-CUBE-TCPP.4.1.0
2025-09-29 20:52:05,902 [WARN] PackLoader:240 - Cannot read IP mode file for STMicroelectronics.X-CUBE-EEPRMA1.5.2.0
2025-09-29 20:52:05,917 [WARN] PackLoader:240 - Cannot read IP mode file for STMicroelectronics.X-CUBE-ALGOBUILD.1.3.0
2025-09-29 20:52:05,945 [WARN] PackLoader:240 - Cannot read IP mode file for STMicroelectronics.X-CUBE-AZRTOS-G0.1.1.0
2025-09-29 20:52:05,963 [WARN] PackLoader:240 - Cannot read IP mode file for STMicroelectronics.X-CUBE-SAFEA1.1.2.2
2025-09-29 20:52:05,978 [WARN] PackLoader:240 - Cannot read IP mode file for STMicroelectronics.X-CUBE-NFC4.3.0.0
2025-09-29 20:52:05,992 [ERROR] Engine:466 - C:\Users\betul\.stm32cubemx\thirdparties\pdsc\EmbeddedOffice.I-CUBE-FS-RTOS.1.0.1.pdsc: PDSC version is not supported
2025-09-29 20:52:06,004 [WARN] PackLoader:240 - Cannot read IP mode file for STMicroelectronics.X-CUBE-WB05N.2.0.0
2025-09-29 20:52:06,018 [ERROR] Engine:466 - C:\Users\betul\.stm32cubemx\thirdparties\pdsc\STMicroelectronics.X-CUBE-TCPP.4.2.0.pdsc: PDSC version is not supported
2025-09-29 20:52:06,034 [ERROR] Engine:466 - C:\Users\betul\.stm32cubemx\thirdparties\pdsc\RealThread.X-CUBE-RT-Thread_Nano.4.1.1.pdsc: PDSC version is not supported
2025-09-29 20:52:06,048 [WARN] PackLoader:240 - Cannot read IP mode file for STMicroelectronics.FP-ATR-SIGFOX1.3.2.0
2025-09-29 20:52:06,061 [ERROR] Engine:466 - C:\Users\betul\.stm32cubemx\thirdparties\pdsc\quantropi.X-CUBE-qispace-sdk-base.1.9.3.pdsc: PDSC version is not supported
2025-09-29 20:52:06,075 [WARN] PackLoader:240 - Cannot read IP mode file for STMicroelectronics.X-CUBE-EEPRMA1.5.1.0
2025-09-29 20:52:06,091 [WARN] PackLoader:240 - Cannot read IP mode file for ITTIA_DB.I-CUBE-ITTIADB.8.9.0
2025-09-29 20:52:06,104 [ERROR] Engine:466 - C:\Users\betul\.stm32cubemx\thirdparties\pdsc\STMicroelectronics.X-CUBE-ST67W61.1.0.0.pdsc: PDSC version is not supported
2025-09-29 20:52:06,118 [WARN] PackLoader:240 - Cannot read IP mode file for STMicroelectronics.X-CUBE-AI.10.2.0
2025-09-29 20:52:06,152 [WARN] PackLoader:240 - Cannot read IP mode file for SEGGER.I-CUBE-embOS.1.3.1
2025-09-29 20:52:06,194 [WARN] PackLoader:240 - Cannot read IP mode file for STMicroelectronics.X-CUBE-ALGOBUILD.1.4.0
2025-09-29 20:52:06,272 [WARN] PackLoader:240 - Cannot read IP mode file for STMicroelectronics.X-CUBE-MEMS1.11.3.0
2025-09-29 20:52:06,462 [WARN] PackLoader:240 - Cannot read IP mode file for STMicroelectronics.X-CUBE-AI.9.1.0
2025-09-29 20:52:06,477 [WARN] PackLoader:240 - Cannot read IP mode file for STMicroelectronics.X-CUBE-PM33A1.1.0.0
2025-09-29 20:52:06,494 [WARN] PackLoader:240 - Cannot read IP mode file for STMicroelectronics.X-CUBE-GNSS1.6.0.0
2025-09-29 20:52:06,524 [WARN] PackLoader:240 - Cannot read IP mode file for STMicroelectronics.X-CUBE-AZRTOS-F4.1.1.0
2025-09-29 20:52:06,545 [WARN] PackLoader:240 - Cannot read IP mode file for wolfSSL.I-CUBE-wolfSSL.5.6.3
2025-09-29 20:52:06,561 [WARN] PackLoader:240 - Cannot read IP mode file for STMicroelectronics.X-CUBE-ISPU.2.1.0
2025-09-29 20:52:06,578 [WARN] PackLoader:240 - Cannot read IP mode file for STMicroelectronics.X-CUBE-FREERTOS.1.2.0
2025-09-29 20:52:06,594 [WARN] PackLoader:240 - Cannot read IP mode file for STMicroelectronics.X-CUBE-NFC12.1.0.0
2025-09-29 20:52:06,628 [WARN] PackLoader:240 - Cannot read IP mode file for STMicroelectronics.X-CUBE-AZRTOS-L5.2.0.0
2025-09-29 20:52:06,674 [WARN] PackLoader:240 - Cannot read IP mode file for STMicroelectronics.X-CUBE-MEMS1.9.6.0
2025-09-29 20:52:06,783 [WARN] PackLoader:240 - Cannot read IP mode file for STMicroelectronics.X-CUBE-NFC6.3.1.0
2025-09-29 20:52:06,804 [WARN] PackLoader:240 - Cannot read IP mode file for STMicroelectronics.X-CUBE-BLEMGR.2.0.0
2025-09-29 20:52:06,819 [ERROR] Engine:466 - C:\Users\betul\.stm32cubemx\thirdparties\pdsc\STMicroelectronics.X-CUBE-DPower.1.2.0.pdsc: PDSC version is not supported
2025-09-29 20:52:06,848 [WARN] ConditionMgr:438 - getConditionDescription Invalid condition id : UX DEVICE CLASS RTOS Condition cause : null
2025-09-29 20:52:06,849 [WARN] ConditionMgr:438 - getConditionDescription Invalid condition id : UX DEVICE CLASS RTOS Condition cause : null
2025-09-29 20:52:06,850 [WARN] PackLoader:240 - Cannot read IP mode file for STMicroelectronics.X-CUBE-AZRTOS-H7.3.1.0
2025-09-29 20:52:06,851 [WARN] ConditionMgr:1039 - genDependencies : Invalid condition id : UX DEVICE CLASS RTOS Condition cause : null
2025-09-29 20:52:06,851 [WARN] ConditionMgr:1039 - genDependencies : Invalid condition id : UX DEVICE CLASS RTOS Condition cause : null
2025-09-29 20:52:06,852 [WARN] ConditionMgr:1039 - genDependencies : Invalid condition id : UX DEVICE CLASS RTOS Condition cause : null
2025-09-29 20:52:06,853 [WARN] ConditionMgr:1039 - genDependencies : Invalid condition id : UX DEVICE CLASS RTOS Condition cause : null
2025-09-29 20:52:06,853 [WARN] ConditionMgr:1039 - genDependencies : Invalid condition id : UX DEVICE CLASS RTOS Condition cause : null
2025-09-29 20:52:06,869 [WARN] PackLoader:240 - Cannot read IP mode file for STMicroelectronics.X-CUBE-FREERTOS.1.3.1
2025-09-29 20:52:06,886 [WARN] PackLoader:240 - Cannot read IP mode file for STMicroelectronics.X-CUBE-NFC7.1.0.1
2025-09-29 20:52:06,902 [WARN] PackLoader:240 - Cannot read IP mode file for STMicroelectronics.X-CUBE-NFC6.3.0.0
2025-09-29 20:52:06,919 [WARN] PackLoader:240 - Cannot read IP mode file for STMicroelectronics.X-CUBE-EEPRMA1.4.1.0
2025-09-29 20:52:06,937 [ERROR] Engine:466 - C:\Users\betul\.stm32cubemx\thirdparties\pdsc\STMicroelectronics.FP-SNS-STAIOTCFT.1.0.0.pdsc: PDSC version is not supported
2025-09-29 20:52:06,951 [ERROR] Engine:466 - C:\Users\betul\.stm32cubemx\thirdparties\pdsc\STMicroelectronics.X-CUBE-DPower.1.3.0.pdsc: PDSC version is not supported
2025-09-29 20:52:06,969 [WARN] PackLoader:240 - Cannot read IP mode file for STMicroelectronics.X-CUBE-AI.8.1.0
2025-09-29 20:52:07,001 [WARN] ConditionMgr:438 - getConditionDescription Invalid condition id : LAN8742 Phy interface Condition cause : null
2025-09-29 20:52:07,001 [WARN] PackLoader:240 - Cannot read IP mode file for STMicroelectronics.X-CUBE-AZRTOS-L4.2.0.0
2025-09-29 20:52:07,002 [WARN] ConditionMgr:1039 - genDependencies : Invalid condition id : LAN8742 Phy interface Condition cause : null
2025-09-29 20:52:07,002 [WARN] ConditionMgr:1039 - genDependencies : Invalid condition id : LAN8742 Phy interface Condition cause : null
2025-09-29 20:52:07,002 [WARN] ConditionMgr:1039 - genDependencies : Invalid condition id : LAN8742 Phy interface Condition cause : null
2025-09-29 20:52:07,019 [WARN] PackLoader:240 - Cannot read IP mode file for STMicroelectronics.X-CUBE-SFXS2LP1.4.0.0
2025-09-29 20:52:07,033 [WARN] PackLoader:240 - Cannot read IP mode file for STMicroelectronics.X-CUBE-ISPU.1.1.0
2025-09-29 20:52:07,063 [WARN] PackLoader:240 - Cannot read IP mode file for STMicroelectronics.X-CUBE-AZRTOS-H7.3.3.0
2025-09-29 20:52:07,079 [ERROR] Engine:466 - C:\Users\betul\.stm32cubemx\thirdparties\pdsc\STMicroelectronics.X-CUBE-BLEMGR.4.1.0.pdsc: PDSC version is not supported
2025-09-29 20:52:07,092 [ERROR] Engine:466 - C:\Users\betul\.stm32cubemx\thirdparties\pdsc\STMicroelectronics.X-CUBE-IPS.3.0.0.pdsc: PDSC version is not supported
2025-09-29 20:52:07,115 [WARN] ConditionMgr:438 - getConditionDescription Invalid condition id : UX DEVICE CLASS RTOS Condition cause : null
2025-09-29 20:52:07,116 [WARN] ConditionMgr:438 - getConditionDescription Invalid condition id : UX DEVICE CLASS RTOS Condition cause : null
2025-09-29 20:52:07,117 [WARN] PackLoader:240 - Cannot read IP mode file for STMicroelectronics.X-CUBE-AZRTOS-WB.2.0.0
2025-09-29 20:52:07,117 [WARN] ConditionMgr:1039 - genDependencies : Invalid condition id : UX DEVICE CLASS RTOS Condition cause : null
2025-09-29 20:52:07,117 [WARN] ConditionMgr:1039 - genDependencies : Invalid condition id : UX DEVICE CLASS RTOS Condition cause : null
2025-09-29 20:52:07,117 [WARN] ConditionMgr:1039 - genDependencies : Invalid condition id : UX DEVICE CLASS RTOS Condition cause : null
2025-09-29 20:52:07,118 [WARN] ConditionMgr:1039 - genDependencies : Invalid condition id : UX DEVICE CLASS RTOS Condition cause : null
2025-09-29 20:52:07,118 [WARN] ConditionMgr:1039 - genDependencies : Invalid condition id : UX DEVICE CLASS RTOS Condition cause : null
2025-09-29 20:52:07,132 [WARN] PackLoader:240 - Cannot read IP mode file for STMicroelectronics.X-CUBE-GNSS1.7.0.0
2025-09-29 20:52:07,147 [WARN] PackLoader:240 - Cannot read IP mode file for STMicroelectronics.X-CUBE-GNSS1.7.0.1
2025-09-29 20:52:07,161 [WARN] PackLoader:240 - Cannot read IP mode file for STMicroelectronics.X-CUBE-TOUCHGFX.4.25.0
2025-09-29 20:52:07,175 [ERROR] Engine:466 - C:\Users\betul\.stm32cubemx\thirdparties\pdsc\STMicroelectronics.FP-SNS-STBOX1.2.0.0.pdsc: PDSC version is not supported
2025-09-29 20:52:07,194 [WARN] PackLoader:240 - Cannot read IP mode file for STMicroelectronics.X-CUBE-SUBG2.5.0.0
2025-09-29 20:52:07,224 [WARN] PackLoader:240 - Cannot read IP mode file for STMicroelectronics.X-CUBE-AZRTOS-H7RS.1.1.0
2025-09-29 20:52:07,244 [WARN] PackLoader:240 - Cannot read IP mode file for Cesanta.I-CUBE-Mongoose.7.13.0
2025-09-29 20:52:07,264 [WARN] PackLoader:240 - Cannot read IP mode file for STMicroelectronics.X-CUBE-TOF1.3.3.1
2025-09-29 20:52:07,293 [WARN] PackLoader:240 - Cannot read IP mode file for STMicroelectronics.X-CUBE-AZRTOS-G4.2.0.0
2025-09-29 20:52:07,308 [WARN] PackLoader:240 - Cannot read IP mode file for STMicroelectronics.X-CUBE-NFC7.2.0.0
2025-09-29 20:52:07,325 [ERROR] Engine:466 - C:\Users\betul\.stm32cubemx\thirdparties\pdsc\STMicroelectronics.X-CUBE-IPS.3.1.0.pdsc: PDSC version is not supported
2025-09-29 20:52:07,340 [WARN] PackLoader:240 - Cannot read IP mode file for STMicroelectronics.X-CUBE-ALS.1.0.2
2025-09-29 20:52:07,357 [WARN] PackLoader:240 - Cannot read IP mode file for STMicroelectronics.X-CUBE-FREERTOS.1.1.0
2025-09-29 20:52:07,370 [WARN] PackLoader:240 - Cannot read IP mode file for STMicroelectronics.X-CUBE-TOUCHGFX.4.24.1
2025-09-29 20:52:07,386 [WARN] PackLoader:240 - Cannot read IP mode file for STMicroelectronics.X-CUBE-STSE01.1.0.0
2025-09-29 20:52:07,400 [WARN] PackLoader:240 - Cannot read IP mode file for wolfSSL.I-CUBE-wolfTPM.3.4.0
2025-09-29 20:52:07,416 [WARN] PackLoader:240 - Cannot read IP mode file for portGmbH.I-Cube-SoM-uGOAL.1.1.0
2025-09-29 20:52:07,428 [WARN] PackLoader:240 - Cannot read IP mode file for STMicroelectronics.X-CUBE-ALS.1.0.1
2025-09-29 20:52:07,454 [WARN] PackLoader:240 - Cannot read IP mode file for STMicroelectronics.X-CUBE-AZRTOS-H7RS.1.0.0
2025-09-29 20:52:07,470 [WARN] PackLoader:240 - Cannot read IP mode file for STMicroelectronics.FP-ATR-ASTRA1.2.0.0
2025-09-29 20:52:07,487 [ERROR] Engine:466 - C:\Users\betul\.stm32cubemx\thirdparties\pdsc\STMicroelectronics.X-CUBE-TOF1.3.4.2.pdsc: PDSC version is not supported
2025-09-29 20:52:07,503 [ERROR] Engine:466 - C:\Users\betul\.stm32cubemx\thirdparties\pdsc\STMicroelectronics.X-CUBE-TOF1.3.4.3.pdsc: PDSC version is not supported
2025-09-29 20:52:07,517 [WARN] PackLoader:240 - Cannot read IP mode file for wolfSSL.I-CUBE-wolfSSH.1.4.17
2025-09-29 20:52:07,518 [INFO] ThirdParty:978 - Integrity check success = true
2025-09-29 20:52:07,518 [INFO] IntegrityCheckThread:100 - exiting critical section [integrity check]
2025-09-29 20:52:07,518 [INFO] IntegrityCheckThread:103 - End integrity checks thread
2025-09-29 20:52:24,328 [ERROR] LogOutputStream:75 - [STDERR_REDIRECT] SLF4J: Failed to load class "org.slf4j.impl.StaticLoggerBinder".
2025-09-29 20:52:24,329 [ERROR] LogOutputStream:75 - [STDERR_REDIRECT] SLF4J: Defaulting to no-operation (NOP) logger implementation
2025-09-29 20:52:24,330 [ERROR] LogOutputStream:75 - [STDERR_REDIRECT] SLF4J: See http://www.slf4j.org/codes.html#StaticLoggerBinder for further details.
