22:51:15 **** Incremental Build of configuration Debug for project tasks_and_leds ****
make -j8 all 
arm-none-eabi-gcc "../Core/Src/main.c" -mcpu=cortex-m4 -std=gnu11 -g3 -DDEBUG -DUSE_HAL_DRIVER -DSTM32F407xx -c -I../USB_HOST/App -I../USB_HOST/Target -I../Core/Inc -I../Drivers/STM32F4xx_HAL_Driver/Inc -I../Drivers/STM32F4xx_HAL_Driver/Inc/Legacy -I../Middlewares/ST/STM32_USB_Host_Library/Core/Inc -I../Middlewares/ST/STM32_USB_Host_Library/Class/CDC/Inc -I../Drivers/CMSIS/Device/ST/STM32F4xx/Include -I../Drivers/CMSIS/Include -I../Middlewares/Third_Party/FreeRTOS/Source/include -I../Middlewares/Third_Party/FreeRTOS/Source/CMSIS_RTOS_V2 -I../Middlewares/Third_Party/FreeRTOS/Source/portable/GCC/ARM_CM4F -O0 -ffunction-sections -fdata-sections -Wall -fstack-usage -fcyclomatic-complexity -MMD -MP -MF"Core/Src/main.d" -MT"Core/Src/main.o" --specs=nano.specs -mfpu=fpv4-sp-d16 -mfloat-abi=hard -mthumb -o "Core/Src/main.o"
../Core/Src/main.c: In function 'main':
../Core/Src/main.c:89:9: warning: implicit declaration of function 'printf' [-Wimplicit-function-declaration]
   89 |         printf("Hi lmi World! -> is PreemptionEnabled? %d \r\n", configUSE_PREEMPTION);
      |         ^~~~~~
../Core/Src/main.c:23:1: note: include '<stdio.h>' or provide a declaration of 'printf'
   22 | #include "usb_host.h"
  +++ |+#include <stdio.h>
   23 | 
../Core/Src/main.c:89:9: warning: incompatible implicit declaration of built-in function 'printf' [-Wbuiltin-declaration-mismatch]
   89 |         printf("Hi lmi World! -> is PreemptionEnabled? %d \r\n", configUSE_PREEMPTION);
      |         ^~~~~~
../Core/Src/main.c:89:9: note: include '<stdio.h>' or provide a declaration of 'printf'
../Core/Src/main.c: At top level:
../Core/Src/main.c:72:13: warning: 'task1_handler' used but never defined
   72 | static void task1_handler(void* parameters);
      |             ^~~~~~~~~~~~~
../Core/Src/main.c:73:13: warning: 'task2_handler' used but never defined
   73 | static void task2_handler(void* parameters);
      |             ^~~~~~~~~~~~~
arm-none-eabi-g++ -o "tasks_and_leds.elf" @"objects.list"   -mcpu=cortex-m4 -T"D:\freeRTOS\rtos_workspace\tasks_and_leds\STM32F407VGTX_FLASH.ld" --specs=nosys.specs -Wl,-Map="tasks_and_leds.map" -Wl,--gc-sections -static --specs=nano.specs -mfpu=fpv4-sp-d16 -mfloat-abi=hard -mthumb -Wl,--start-group -lc -lm -lstdc++ -lsupc++ -Wl,--end-group
C:/ST/STM32CubeIDE_1.13.1/STM32CubeIDE/plugins/com.st.stm32cube.ide.mcu.externaltools.gnu-tools-for-stm32.11.3.rel1.win32_1.1.0.202305231506/tools/bin/../lib/gcc/arm-none-eabi/11.3.1/../../../../arm-none-eabi/bin/ld.exe: ./Core/Src/main.o: in function `main':
D:/freeRTOS/rtos_workspace/tasks_and_leds/Debug/../Core/Src/main.c:169: undefined reference to `task1_handler'
C:/ST/STM32CubeIDE_1.13.1/STM32CubeIDE/plugins/com.st.stm32cube.ide.mcu.externaltools.gnu-tools-for-stm32.11.3.rel1.win32_1.1.0.202305231506/tools/bin/../lib/gcc/arm-none-eabi/11.3.1/../../../../arm-none-eabi/bin/ld.exe: D:/freeRTOS/rtos_workspace/tasks_and_leds/Debug/../Core/Src/main.c:169: undefined reference to `task2_handler'
collect2.exe: error: ld returned 1 exit status
make: *** [makefile:87: tasks_and_leds.elf] Error 1
"make -j8 all" terminated with exit code 2. Build might be incomplete.

22:51:16 Build Failed. 4 errors, 4 warnings. (took 1s.190ms)

